TpTrace Verbose: 0 : 29196, 1, 2022/04/10, 16:16:18.556, 11236939455585, vstest.console.dll, Version: 17.1.0-release-20220113-05
TpTrace Information: 0 : 29196, 1, 2022/04/10, 16:16:18.572, 11236939554100, vstest.console.dll, FilePatternParser: The given file C:\Miroslav Apps\Programing\ASP.NET-Core-Template-master\src\Tests\AspNetCoreTemplate.Services.Data.Tests\bin\Debug\net6.0\fine-code-coverage\build-output\AspNetCoreTemplate.Services.Data.Tests.dll is a full path.
TpTrace Verbose: 0 : 29196, 1, 2022/04/10, 16:16:18.578, 11236939616208, vstest.console.dll, TestPluginCache.DiscoverTestExtensions: finding test extensions in assemblies ends with: RuntimeProvider.dll TPluginInfo: Microsoft.VisualStudio.TestPlatform.Common.ExtensionFramework.Utilities.TestRuntimePluginInformation TExtension: Microsoft.VisualStudio.TestPlatform.ObjectModel.Host.ITestRuntimeProvider
TpTrace Verbose: 0 : 29196, 1, 2022/04/10, 16:16:18.578, 11236939620637, vstest.console.dll, TestPluginCache.GetExtensionPaths: Filtered extension paths: 
TpTrace Verbose: 0 : 29196, 1, 2022/04/10, 16:16:18.578, 11236939621658, vstest.console.dll, TestPluginCache.GetExtensionPaths: Added default extension paths: C:\Program Files\dotnet\sdk\6.0.201\Extensions\DumpMinitool.exe
C:\Program Files\dotnet\sdk\6.0.201\Extensions\DumpMinitool.x86.exe
C:\Program Files\dotnet\sdk\6.0.201\Extensions\Microsoft.Diagnostics.NETCore.Client.dll
C:\Program Files\dotnet\sdk\6.0.201\Extensions\Microsoft.TestPlatform.Extensions.BlameDataCollector.dll
C:\Program Files\dotnet\sdk\6.0.201\Extensions\Microsoft.TestPlatform.Extensions.EventLogCollector.dll
C:\Program Files\dotnet\sdk\6.0.201\Extensions\Microsoft.TestPlatform.TestHostRuntimeProvider.dll
C:\Program Files\dotnet\sdk\6.0.201\Extensions\Microsoft.VisualStudio.TestPlatform.Extensions.Html.TestLogger.dll
C:\Program Files\dotnet\sdk\6.0.201\Extensions\Microsoft.VisualStudio.TestPlatform.Extensions.Trx.TestLogger.dll
TpTrace Verbose: 0 : 29196, 1, 2022/04/10, 16:16:18.578, 11236939622046, vstest.console.dll, TestPluginCache.GetExtensionPaths: Added unfilterableExtensionPaths: 
TpTrace Information: 0 : 29196, 1, 2022/04/10, 16:16:18.579, 11236939630218, vstest.console.dll, AssemblyResolver.ctor: Creating AssemblyResolver with searchDirectories C:\Program Files\dotnet\sdk\6.0.201\Extensions,C:\Program Files\dotnet\sdk\6.0.201
TpTrace Verbose: 0 : 29196, 1, 2022/04/10, 16:16:18.580, 11236939639546, vstest.console.dll, TestPluginCache.DiscoverTestExtensions: Discovering the extensions using extension path.
TpTrace Verbose: 0 : 29196, 1, 2022/04/10, 16:16:18.580, 11236939640905, vstest.console.dll, TestPluginCache.GetExtensionPaths: Filtered extension paths: 
TpTrace Verbose: 0 : 29196, 1, 2022/04/10, 16:16:18.580, 11236939641313, vstest.console.dll, TestPluginCache.GetExtensionPaths: Added default extension paths: C:\Program Files\dotnet\sdk\6.0.201\Extensions\DumpMinitool.exe
C:\Program Files\dotnet\sdk\6.0.201\Extensions\DumpMinitool.x86.exe
C:\Program Files\dotnet\sdk\6.0.201\Extensions\Microsoft.Diagnostics.NETCore.Client.dll
C:\Program Files\dotnet\sdk\6.0.201\Extensions\Microsoft.TestPlatform.Extensions.BlameDataCollector.dll
C:\Program Files\dotnet\sdk\6.0.201\Extensions\Microsoft.TestPlatform.Extensions.EventLogCollector.dll
C:\Program Files\dotnet\sdk\6.0.201\Extensions\Microsoft.TestPlatform.TestHostRuntimeProvider.dll
C:\Program Files\dotnet\sdk\6.0.201\Extensions\Microsoft.VisualStudio.TestPlatform.Extensions.Html.TestLogger.dll
C:\Program Files\dotnet\sdk\6.0.201\Extensions\Microsoft.VisualStudio.TestPlatform.Extensions.Trx.TestLogger.dll
TpTrace Verbose: 0 : 29196, 1, 2022/04/10, 16:16:18.580, 11236939641746, vstest.console.dll, TestPluginCache.GetExtensionPaths: Added unfilterableExtensionPaths: 
TpTrace Verbose: 0 : 29196, 1, 2022/04/10, 16:16:18.581, 11236939642408, vstest.console.dll, TestPluginCache.DiscoverTestExtensions: Discovering the extensions using allExtensionPaths: C:\Program Files\dotnet\sdk\6.0.201\Extensions\DumpMinitool.exe
C:\Program Files\dotnet\sdk\6.0.201\Extensions\DumpMinitool.x86.exe
C:\Program Files\dotnet\sdk\6.0.201\Extensions\Microsoft.Diagnostics.NETCore.Client.dll
C:\Program Files\dotnet\sdk\6.0.201\Extensions\Microsoft.TestPlatform.Extensions.BlameDataCollector.dll
C:\Program Files\dotnet\sdk\6.0.201\Extensions\Microsoft.TestPlatform.Extensions.EventLogCollector.dll
C:\Program Files\dotnet\sdk\6.0.201\Extensions\Microsoft.TestPlatform.TestHostRuntimeProvider.dll
C:\Program Files\dotnet\sdk\6.0.201\Extensions\Microsoft.VisualStudio.TestPlatform.Extensions.Html.TestLogger.dll
C:\Program Files\dotnet\sdk\6.0.201\Extensions\Microsoft.VisualStudio.TestPlatform.Extensions.Trx.TestLogger.dll
TpTrace Information: 0 : 29196, 1, 2022/04/10, 16:16:18.581, 11236939644249, vstest.console.dll, AssemblyResolver.AddSearchDirectories: Adding more searchDirectories C:\Program Files\dotnet\sdk\6.0.201\Extensions,C:\Program Files\dotnet\sdk\6.0.201
TpTrace Information: 0 : 29196, 1, 2022/04/10, 16:16:18.581, 11236939644858, vstest.console.dll, AssemblyResolver.AddSearchDirectories: Adding more searchDirectories C:\Program Files\dotnet\sdk\6.0.201\Extensions,C:\Program Files\dotnet\sdk\6.0.201
TpTrace Information: 0 : 29196, 1, 2022/04/10, 16:16:18.581, 11236939645258, vstest.console.dll, AssemblyResolver.AddSearchDirectories: Adding more searchDirectories C:\Program Files\dotnet\sdk\6.0.201\Extensions,C:\Program Files\dotnet\sdk\6.0.201
TpTrace Information: 0 : 29196, 1, 2022/04/10, 16:16:18.581, 11236939645560, vstest.console.dll, AssemblyResolver.AddSearchDirectories: Adding more searchDirectories C:\Program Files\dotnet\sdk\6.0.201\Extensions,C:\Program Files\dotnet\sdk\6.0.201
TpTrace Information: 0 : 29196, 1, 2022/04/10, 16:16:18.581, 11236939645883, vstest.console.dll, AssemblyResolver.AddSearchDirectories: Adding more searchDirectories C:\Program Files\dotnet\sdk\6.0.201\Extensions,C:\Program Files\dotnet\sdk\6.0.201
TpTrace Information: 0 : 29196, 1, 2022/04/10, 16:16:18.581, 11236939646229, vstest.console.dll, AssemblyResolver.AddSearchDirectories: Adding more searchDirectories C:\Program Files\dotnet\sdk\6.0.201\Extensions,C:\Program Files\dotnet\sdk\6.0.201
TpTrace Information: 0 : 29196, 1, 2022/04/10, 16:16:18.581, 11236939646526, vstest.console.dll, AssemblyResolver.AddSearchDirectories: Adding more searchDirectories C:\Program Files\dotnet\sdk\6.0.201\Extensions,C:\Program Files\dotnet\sdk\6.0.201
TpTrace Information: 0 : 29196, 1, 2022/04/10, 16:16:18.581, 11236939646820, vstest.console.dll, AssemblyResolver.AddSearchDirectories: Adding more searchDirectories C:\Program Files\dotnet\sdk\6.0.201\Extensions,C:\Program Files\dotnet\sdk\6.0.201
TpTrace Information: 0 : 29196, 1, 2022/04/10, 16:16:18.581, 11236939650208, vstest.console.dll, AssemblyResolver.OnResolve: DumpMinitool: Resolving assembly.
TpTrace Information: 0 : 29196, 1, 2022/04/10, 16:16:18.581, 11236939650889, vstest.console.dll, AssemblyResolver.OnResolve: DumpMinitool: Searching in: 'C:\Program Files\dotnet\sdk\6.0.201\Extensions'.
TpTrace Information: 0 : 29196, 1, 2022/04/10, 16:16:18.581, 11236939652023, vstest.console.dll, AssemblyResolver.OnResolve: DumpMinitool: Assembly path does not exist: 'C:\Program Files\dotnet\sdk\6.0.201\Extensions\DumpMinitool.dll', returning.
TpTrace Information: 0 : 29196, 1, 2022/04/10, 16:16:18.582, 11236939656794, vstest.console.dll, AssemblyResolver.OnResolve: DumpMinitool: Loading assembly 'C:\Program Files\dotnet\sdk\6.0.201\Extensions\DumpMinitool.exe'.
TpTrace Information: 0 : 29196, 1, 2022/04/10, 16:16:18.582, 11236939661612, vstest.console.dll, AssemblyResolver.OnResolve: Resolved assembly: DumpMinitool, from path: C:\Program Files\dotnet\sdk\6.0.201\Extensions\DumpMinitool.exe
TpTrace Information: 0 : 29196, 1, 2022/04/10, 16:16:18.587, 11236939708755, vstest.console.dll, AssemblyResolver.OnResolve: DumpMinitool.x86: Resolving assembly.
TpTrace Information: 0 : 29196, 1, 2022/04/10, 16:16:18.587, 11236939709648, vstest.console.dll, AssemblyResolver.OnResolve: DumpMinitool.x86: Searching in: 'C:\Program Files\dotnet\sdk\6.0.201\Extensions'.
TpTrace Information: 0 : 29196, 1, 2022/04/10, 16:16:18.587, 11236939710517, vstest.console.dll, AssemblyResolver.OnResolve: DumpMinitool.x86: Assembly path does not exist: 'C:\Program Files\dotnet\sdk\6.0.201\Extensions\DumpMinitool.x86.dll', returning.
TpTrace Information: 0 : 29196, 1, 2022/04/10, 16:16:18.588, 11236939713551, vstest.console.dll, AssemblyResolver.OnResolve: DumpMinitool.x86: Loading assembly 'C:\Program Files\dotnet\sdk\6.0.201\Extensions\DumpMinitool.x86.exe'.
TpTrace Information: 0 : 29196, 1, 2022/04/10, 16:16:18.588, 11236939717517, vstest.console.dll, AssemblyResolver.OnResolve: Resolved assembly: DumpMinitool.x86, from path: C:\Program Files\dotnet\sdk\6.0.201\Extensions\DumpMinitool.x86.exe
TpTrace Information: 0 : 29196, 1, 2022/04/10, 16:16:18.588, 11236939721556, vstest.console.dll, AssemblyResolver.OnResolve: Microsoft.Diagnostics.NETCore.Client: Resolving assembly.
TpTrace Information: 0 : 29196, 1, 2022/04/10, 16:16:18.589, 11236939722335, vstest.console.dll, AssemblyResolver.OnResolve: Microsoft.Diagnostics.NETCore.Client: Searching in: 'C:\Program Files\dotnet\sdk\6.0.201\Extensions'.
TpTrace Information: 0 : 29196, 1, 2022/04/10, 16:16:18.589, 11236939725301, vstest.console.dll, AssemblyResolver.OnResolve: Microsoft.Diagnostics.NETCore.Client: Loading assembly 'C:\Program Files\dotnet\sdk\6.0.201\Extensions\Microsoft.Diagnostics.NETCore.Client.dll'.
TpTrace Information: 0 : 29196, 1, 2022/04/10, 16:16:18.589, 11236939730010, vstest.console.dll, AssemblyResolver.OnResolve: Resolved assembly: Microsoft.Diagnostics.NETCore.Client, from path: C:\Program Files\dotnet\sdk\6.0.201\Extensions\Microsoft.Diagnostics.NETCore.Client.dll
TpTrace Information: 0 : 29196, 1, 2022/04/10, 16:16:18.592, 11236939754949, vstest.console.dll, AssemblyResolver.OnResolve: Microsoft.Bcl.AsyncInterfaces: Resolving assembly.
TpTrace Information: 0 : 29196, 1, 2022/04/10, 16:16:18.592, 11236939755751, vstest.console.dll, AssemblyResolver.OnResolve: Microsoft.Bcl.AsyncInterfaces: Searching in: 'C:\Program Files\dotnet\sdk\6.0.201\Extensions'.
TpTrace Information: 0 : 29196, 1, 2022/04/10, 16:16:18.592, 11236939756538, vstest.console.dll, AssemblyResolver.OnResolve: Microsoft.Bcl.AsyncInterfaces: Assembly path does not exist: 'C:\Program Files\dotnet\sdk\6.0.201\Extensions\Microsoft.Bcl.AsyncInterfaces.dll', returning.
TpTrace Information: 0 : 29196, 1, 2022/04/10, 16:16:18.592, 11236939757184, vstest.console.dll, AssemblyResolver.OnResolve: Microsoft.Bcl.AsyncInterfaces: Assembly path does not exist: 'C:\Program Files\dotnet\sdk\6.0.201\Extensions\Microsoft.Bcl.AsyncInterfaces.exe', returning.
TpTrace Information: 0 : 29196, 1, 2022/04/10, 16:16:18.592, 11236939757521, vstest.console.dll, AssemblyResolver.OnResolve: Microsoft.Bcl.AsyncInterfaces: Searching in: 'C:\Program Files\dotnet\sdk\6.0.201'.
TpTrace Information: 0 : 29196, 1, 2022/04/10, 16:16:18.592, 11236939758131, vstest.console.dll, AssemblyResolver.OnResolve: Microsoft.Bcl.AsyncInterfaces: Assembly path does not exist: 'C:\Program Files\dotnet\sdk\6.0.201\Microsoft.Bcl.AsyncInterfaces.dll', returning.
TpTrace Information: 0 : 29196, 1, 2022/04/10, 16:16:18.592, 11236939758789, vstest.console.dll, AssemblyResolver.OnResolve: Microsoft.Bcl.AsyncInterfaces: Assembly path does not exist: 'C:\Program Files\dotnet\sdk\6.0.201\Microsoft.Bcl.AsyncInterfaces.exe', returning.
TpTrace Information: 0 : 29196, 1, 2022/04/10, 16:16:18.592, 11236939759220, vstest.console.dll, AssemblyResolver.OnResolve: Microsoft.Bcl.AsyncInterfaces: Failed to load assembly.
TpTrace Verbose: 0 : 29196, 1, 2022/04/10, 16:16:18.592, 11236939759655, vstest.console.dll, CurrentDomainAssemblyResolve: Resolving assembly 'Microsoft.Bcl.AsyncInterfaces'.
TpTrace Information: 0 : 29196, 1, 2022/04/10, 16:16:18.592, 11236939760255, vstest.console.dll, AssemblyResolver.OnResolve: Microsoft.Bcl.AsyncInterfaces: Resolving assembly.
TpTrace Information: 0 : 29196, 1, 2022/04/10, 16:16:18.592, 11236939760668, vstest.console.dll, AssemblyResolver.OnResolve: Microsoft.Bcl.AsyncInterfaces: Resolved from cache.
TpTrace Verbose: 0 : 29196, 1, 2022/04/10, 16:16:18.592, 11236939761047, vstest.console.dll, CurrentDomainAssemblyResolve: Resolving assembly 'Microsoft.Bcl.AsyncInterfaces'.
TpTrace Verbose: 0 : 29196, 1, 2022/04/10, 16:16:18.592, 11236939761505, vstest.console.dll, CurrentDomainAssemblyResolve: Failed to resolve assembly 'Microsoft.Bcl.AsyncInterfaces'.
TpTrace Verbose: 0 : 29196, 1, 2022/04/10, 16:16:18.593, 11236939769102, vstest.console.dll, CurrentDomainAssemblyResolve: Failed to resolve assembly 'Microsoft.Bcl.AsyncInterfaces'.
TpTrace Warning: 0 : 29196, 1, 2022/04/10, 16:16:18.608, 11236939919177, vstest.console.dll, TestPluginDiscoverer: Failed to get types from assembly 'Microsoft.Diagnostics.NETCore.Client, Version=0.2.5.801, Culture=neutral, PublicKeyToken=31bf3856ad364e35'.  Skipping test extension scan for this assembly.  Error: System.Reflection.ReflectionTypeLoadException: Unable to load one or more of the requested types.
Could not load file or assembly 'Microsoft.Bcl.AsyncInterfaces, Version=1.0.0.0, Culture=neutral, PublicKeyToken=cc7b13ffcd2ddd51'. The system cannot find the file specified.
   at System.Reflection.RuntimeModule.GetTypes(RuntimeModule module)
   at System.Reflection.Assembly.GetTypes()
   at Microsoft.VisualStudio.TestPlatform.Common.ExtensionFramework.TestPluginDiscoverer.GetTestExtensionsFromAssembly[TPluginInfo,TExtension](Assembly assembly, Dictionary`2 pluginInfos)
System.IO.FileNotFoundException: Could not load file or assembly 'Microsoft.Bcl.AsyncInterfaces, Version=1.0.0.0, Culture=neutral, PublicKeyToken=cc7b13ffcd2ddd51'. The system cannot find the file specified.
File name: 'Microsoft.Bcl.AsyncInterfaces, Version=1.0.0.0, Culture=neutral, PublicKeyToken=cc7b13ffcd2ddd51'
 ---> System.IO.FileNotFoundException: Could not load file or assembly 'Microsoft.Bcl.AsyncInterfaces, Culture=neutral, PublicKeyToken=null'. The system cannot find the file specified.
File name: 'Microsoft.Bcl.AsyncInterfaces, Culture=neutral, PublicKeyToken=null'
   at System.Reflection.RuntimeAssembly.InternalLoad(ObjectHandleOnStack assemblyName, ObjectHandleOnStack requestingAssembly, StackCrawlMarkHandle stackMark, Boolean throwOnFileNotFound, ObjectHandleOnStack assemblyLoadContext, ObjectHandleOnStack retAssembly)
   at System.Reflection.RuntimeAssembly.InternalLoad(AssemblyName assemblyName, RuntimeAssembly requestingAssembly, StackCrawlMark& stackMark, Boolean throwOnFileNotFound, AssemblyLoadContext assemblyLoadContext)
   at System.Reflection.Assembly.Load(AssemblyName assemblyRef)
   at Microsoft.VisualStudio.TestPlatform.Common.ExtensionFramework.TestPluginCache.CurrentDomainAssemblyResolve(Object sender, AssemblyResolveEventArgs args)
   at Microsoft.VisualStudio.TestPlatform.PlatformAbstractions.PlatformAssemblyResolver.AssemblyResolverEvent(Object sender, Object eventArgs)
   at System.Runtime.Loader.AssemblyLoadContext.GetFirstResolvedAssemblyFromResolvingEvent(AssemblyName assemblyName)
   at System.Runtime.Loader.AssemblyLoadContext.ResolveUsingEvent(AssemblyName assemblyName)
   at System.Runtime.Loader.AssemblyLoadContext.ResolveUsingResolvingEvent(IntPtr gchManagedAssemblyLoadContext, AssemblyName assemblyName)
TpTrace Warning: 0 : 29196, 1, 2022/04/10, 16:16:18.608, 11236939921518, vstest.console.dll, LoaderExceptions: System.IO.FileNotFoundException: Could not load file or assembly 'Microsoft.Bcl.AsyncInterfaces, Version=1.0.0.0, Culture=neutral, PublicKeyToken=cc7b13ffcd2ddd51'. The system cannot find the file specified.
File name: 'Microsoft.Bcl.AsyncInterfaces, Version=1.0.0.0, Culture=neutral, PublicKeyToken=cc7b13ffcd2ddd51'
 ---> System.IO.FileNotFoundException: Could not load file or assembly 'Microsoft.Bcl.AsyncInterfaces, Culture=neutral, PublicKeyToken=null'. The system cannot find the file specified.
File name: 'Microsoft.Bcl.AsyncInterfaces, Culture=neutral, PublicKeyToken=null'
   at System.Reflection.RuntimeAssembly.InternalLoad(ObjectHandleOnStack assemblyName, ObjectHandleOnStack requestingAssembly, StackCrawlMarkHandle stackMark, Boolean throwOnFileNotFound, ObjectHandleOnStack assemblyLoadContext, ObjectHandleOnStack retAssembly)
   at System.Reflection.RuntimeAssembly.InternalLoad(AssemblyName assemblyName, RuntimeAssembly requestingAssembly, StackCrawlMark& stackMark, Boolean throwOnFileNotFound, AssemblyLoadContext assemblyLoadContext)
   at System.Reflection.Assembly.Load(AssemblyName assemblyRef)
   at Microsoft.VisualStudio.TestPlatform.Common.ExtensionFramework.TestPluginCache.CurrentDomainAssemblyResolve(Object sender, AssemblyResolveEventArgs args)
   at Microsoft.VisualStudio.TestPlatform.PlatformAbstractions.PlatformAssemblyResolver.AssemblyResolverEvent(Object sender, Object eventArgs)
   at System.Runtime.Loader.AssemblyLoadContext.GetFirstResolvedAssemblyFromResolvingEvent(AssemblyName assemblyName)
   at System.Runtime.Loader.AssemblyLoadContext.ResolveUsingEvent(AssemblyName assemblyName)
   at System.Runtime.Loader.AssemblyLoadContext.ResolveUsingResolvingEvent(IntPtr gchManagedAssemblyLoadContext, AssemblyName assemblyName)
TpTrace Information: 0 : 29196, 1, 2022/04/10, 16:16:18.609, 11236939923288, vstest.console.dll, AssemblyResolver.OnResolve: Microsoft.TestPlatform.Extensions.BlameDataCollector: Resolving assembly.
TpTrace Information: 0 : 29196, 1, 2022/04/10, 16:16:18.609, 11236939923761, vstest.console.dll, AssemblyResolver.OnResolve: Microsoft.TestPlatform.Extensions.BlameDataCollector: Searching in: 'C:\Program Files\dotnet\sdk\6.0.201\Extensions'.
TpTrace Information: 0 : 29196, 1, 2022/04/10, 16:16:18.609, 11236939926878, vstest.console.dll, AssemblyResolver.OnResolve: Microsoft.TestPlatform.Extensions.BlameDataCollector: Loading assembly 'C:\Program Files\dotnet\sdk\6.0.201\Extensions\Microsoft.TestPlatform.Extensions.BlameDataCollector.dll'.
TpTrace Information: 0 : 29196, 1, 2022/04/10, 16:16:18.609, 11236939931817, vstest.console.dll, AssemblyResolver.OnResolve: Resolved assembly: Microsoft.TestPlatform.Extensions.BlameDataCollector, from path: C:\Program Files\dotnet\sdk\6.0.201\Extensions\Microsoft.TestPlatform.Extensions.BlameDataCollector.dll
TpTrace Information: 0 : 29196, 1, 2022/04/10, 16:16:18.610, 11236939938771, vstest.console.dll, AssemblyResolver.OnResolve: Microsoft.TestPlatform.Extensions.EventLogCollector: Resolving assembly.
TpTrace Information: 0 : 29196, 1, 2022/04/10, 16:16:18.610, 11236939939426, vstest.console.dll, AssemblyResolver.OnResolve: Microsoft.TestPlatform.Extensions.EventLogCollector: Searching in: 'C:\Program Files\dotnet\sdk\6.0.201\Extensions'.
TpTrace Information: 0 : 29196, 1, 2022/04/10, 16:16:18.611, 11236939942380, vstest.console.dll, AssemblyResolver.OnResolve: Microsoft.TestPlatform.Extensions.EventLogCollector: Loading assembly 'C:\Program Files\dotnet\sdk\6.0.201\Extensions\Microsoft.TestPlatform.Extensions.EventLogCollector.dll'.
TpTrace Information: 0 : 29196, 1, 2022/04/10, 16:16:18.611, 11236939946079, vstest.console.dll, AssemblyResolver.OnResolve: Resolved assembly: Microsoft.TestPlatform.Extensions.EventLogCollector, from path: C:\Program Files\dotnet\sdk\6.0.201\Extensions\Microsoft.TestPlatform.Extensions.EventLogCollector.dll
TpTrace Information: 0 : 29196, 1, 2022/04/10, 16:16:18.612, 11236939954079, vstest.console.dll, AssemblyResolver.OnResolve: Microsoft.TestPlatform.TestHostRuntimeProvider: Resolving assembly.
TpTrace Information: 0 : 29196, 1, 2022/04/10, 16:16:18.612, 11236939954689, vstest.console.dll, AssemblyResolver.OnResolve: Microsoft.TestPlatform.TestHostRuntimeProvider: Searching in: 'C:\Program Files\dotnet\sdk\6.0.201\Extensions'.
TpTrace Information: 0 : 29196, 1, 2022/04/10, 16:16:18.612, 11236939957042, vstest.console.dll, AssemblyResolver.OnResolve: Microsoft.TestPlatform.TestHostRuntimeProvider: Loading assembly 'C:\Program Files\dotnet\sdk\6.0.201\Extensions\Microsoft.TestPlatform.TestHostRuntimeProvider.dll'.
TpTrace Information: 0 : 29196, 1, 2022/04/10, 16:16:18.612, 11236939961399, vstest.console.dll, AssemblyResolver.OnResolve: Resolved assembly: Microsoft.TestPlatform.TestHostRuntimeProvider, from path: C:\Program Files\dotnet\sdk\6.0.201\Extensions\Microsoft.TestPlatform.TestHostRuntimeProvider.dll
TpTrace Information: 0 : 29196, 1, 2022/04/10, 16:16:18.614, 11236939973469, vstest.console.dll, AssemblyResolver.OnResolve: Microsoft.VisualStudio.TestPlatform.Extensions.Html.TestLogger: Resolving assembly.
TpTrace Information: 0 : 29196, 1, 2022/04/10, 16:16:18.614, 11236939974106, vstest.console.dll, AssemblyResolver.OnResolve: Microsoft.VisualStudio.TestPlatform.Extensions.Html.TestLogger: Searching in: 'C:\Program Files\dotnet\sdk\6.0.201\Extensions'.
TpTrace Information: 0 : 29196, 1, 2022/04/10, 16:16:18.614, 11236939976932, vstest.console.dll, AssemblyResolver.OnResolve: Microsoft.VisualStudio.TestPlatform.Extensions.Html.TestLogger: Loading assembly 'C:\Program Files\dotnet\sdk\6.0.201\Extensions\Microsoft.VisualStudio.TestPlatform.Extensions.Html.TestLogger.dll'.
TpTrace Information: 0 : 29196, 1, 2022/04/10, 16:16:18.614, 11236939981276, vstest.console.dll, AssemblyResolver.OnResolve: Resolved assembly: Microsoft.VisualStudio.TestPlatform.Extensions.Html.TestLogger, from path: C:\Program Files\dotnet\sdk\6.0.201\Extensions\Microsoft.VisualStudio.TestPlatform.Extensions.Html.TestLogger.dll
TpTrace Information: 0 : 29196, 1, 2022/04/10, 16:16:18.615, 11236939984608, vstest.console.dll, AssemblyResolver.OnResolve: Microsoft.VisualStudio.TestPlatform.Extensions.Trx.TestLogger: Resolving assembly.
TpTrace Information: 0 : 29196, 1, 2022/04/10, 16:16:18.615, 11236939985090, vstest.console.dll, AssemblyResolver.OnResolve: Microsoft.VisualStudio.TestPlatform.Extensions.Trx.TestLogger: Searching in: 'C:\Program Files\dotnet\sdk\6.0.201\Extensions'.
TpTrace Information: 0 : 29196, 1, 2022/04/10, 16:16:18.615, 11236939987547, vstest.console.dll, AssemblyResolver.OnResolve: Microsoft.VisualStudio.TestPlatform.Extensions.Trx.TestLogger: Loading assembly 'C:\Program Files\dotnet\sdk\6.0.201\Extensions\Microsoft.VisualStudio.TestPlatform.Extensions.Trx.TestLogger.dll'.
TpTrace Information: 0 : 29196, 1, 2022/04/10, 16:16:18.615, 11236939991840, vstest.console.dll, AssemblyResolver.OnResolve: Resolved assembly: Microsoft.VisualStudio.TestPlatform.Extensions.Trx.TestLogger, from path: C:\Program Files\dotnet\sdk\6.0.201\Extensions\Microsoft.VisualStudio.TestPlatform.Extensions.Trx.TestLogger.dll
TpTrace Verbose: 0 : 29196, 1, 2022/04/10, 16:16:18.616, 11236939997218, vstest.console.dll, TestPluginCache: Discovered the extensions using extension path ''.
TpTrace Verbose: 0 : 29196, 1, 2022/04/10, 16:16:18.616, 11236939997984, vstest.console.dll, TestPluginCache: Discoverers are ''.
TpTrace Verbose: 0 : 29196, 1, 2022/04/10, 16:16:18.616, 11236939998270, vstest.console.dll, TestPluginCache: Executors are ''.
TpTrace Verbose: 0 : 29196, 1, 2022/04/10, 16:16:18.616, 11236939998550, vstest.console.dll, TestPluginCache: Executors2 are ''.
TpTrace Verbose: 0 : 29196, 1, 2022/04/10, 16:16:18.616, 11236939998850, vstest.console.dll, TestPluginCache: Setting providers are ''.
TpTrace Verbose: 0 : 29196, 1, 2022/04/10, 16:16:18.616, 11236939999105, vstest.console.dll, TestPluginCache: Loggers are ''.
TpTrace Information: 0 : 29196, 1, 2022/04/10, 16:16:18.622, 11236940054678, vstest.console.dll, RunTestsArgumentProcessor:Execute: Test run is starting.
TpTrace Verbose: 0 : 29196, 1, 2022/04/10, 16:16:18.622, 11236940056022, vstest.console.dll, RunTestsArgumentProcessor:Execute: Queuing Test run.
TpTrace Information: 0 : 29196, 1, 2022/04/10, 16:16:18.622, 11236940059626, vstest.console.dll, TestRequestManager.RunTests: run tests started.
TpTrace Information: 0 : 29196, 1, 2022/04/10, 16:16:18.628, 11236940112933, vstest.console.dll, AssemblyMetadataProvider.GetFrameWork: Determined framework:'.NETCoreApp,Version=v6.0' for source: 'C:\Miroslav Apps\Programing\ASP.NET-Core-Template-master\src\Tests\AspNetCoreTemplate.Services.Data.Tests\bin\Debug\net6.0\fine-code-coverage\build-output\AspNetCoreTemplate.Services.Data.Tests.dll'
TpTrace Information: 0 : 29196, 1, 2022/04/10, 16:16:18.628, 11236940115373, vstest.console.dll, Determined framework for all sources: .NETCoreApp,Version=v6.0
TpTrace Verbose: 0 : 29196, 1, 2022/04/10, 16:16:18.628, 11236940119255, vstest.console.dll, Default architecture: X64 IsDefaultTargetArchitecture: True
TpTrace Information: 0 : 29196, 1, 2022/04/10, 16:16:18.629, 11236940123788, vstest.console.dll, AssemblyMetadataProvider.GetArchitecture: Determined architecture:AnyCPU info for assembly: C:\Miroslav Apps\Programing\ASP.NET-Core-Template-master\src\Tests\AspNetCoreTemplate.Services.Data.Tests\bin\Debug\net6.0\fine-code-coverage\build-output\AspNetCoreTemplate.Services.Data.Tests.dll
TpTrace Information: 0 : 29196, 1, 2022/04/10, 16:16:18.629, 11236940124359, vstest.console.dll, Determined platform for source 'C:\Miroslav Apps\Programing\ASP.NET-Core-Template-master\src\Tests\AspNetCoreTemplate.Services.Data.Tests\bin\Debug\net6.0\fine-code-coverage\build-output\AspNetCoreTemplate.Services.Data.Tests.dll' is 'AnyCPU'
TpTrace Information: 0 : 29196, 1, 2022/04/10, 16:16:18.631, 11236940149907, vstest.console.dll, Determined platform for all sources: X64
TpTrace Information: 0 : 29196, 1, 2022/04/10, 16:16:18.631, 11236940151084, vstest.console.dll, Infered platform 'X64'.
TpTrace Information: 0 : 29196, 1, 2022/04/10, 16:16:18.631, 11236940151625, vstest.console.dll, Platform update to 'X64' required.
TpTrace Information: 0 : 29196, 1, 2022/04/10, 16:16:18.635, 11236940188026, vstest.console.dll, Compatible sources list : 
TpTrace Information: 0 : 29196, 1, 2022/04/10, 16:16:18.635, 11236940191250, vstest.console.dll, C:\Miroslav Apps\Programing\ASP.NET-Core-Template-master\src\Tests\AspNetCoreTemplate.Services.Data.Tests\bin\Debug\net6.0\fine-code-coverage\build-output\AspNetCoreTemplate.Services.Data.Tests.dll
TpTrace Information: 0 : 29196, 1, 2022/04/10, 16:16:18.639, 11236940226596, vstest.console.dll, InferRunSettingsHelper.IsTestSettingsEnabled: Unable to navigate to RunSettings/MSTest. Current node: RunSettings
TpTrace Information: 0 : 29196, 1, 2022/04/10, 16:16:18.640, 11236940237118, vstest.console.dll, AssemblyResolver.OnResolve: Microsoft.VisualStudio.TestPlatform.Fakes: Resolving assembly.
TpTrace Information: 0 : 29196, 1, 2022/04/10, 16:16:18.640, 11236940238232, vstest.console.dll, AssemblyResolver.OnResolve: Microsoft.VisualStudio.TestPlatform.Fakes: Searching in: 'C:\Program Files\dotnet\sdk\6.0.201\Extensions'.
TpTrace Information: 0 : 29196, 1, 2022/04/10, 16:16:18.640, 11236940239699, vstest.console.dll, AssemblyResolver.OnResolve: Microsoft.VisualStudio.TestPlatform.Fakes: Assembly path does not exist: 'C:\Program Files\dotnet\sdk\6.0.201\Extensions\Microsoft.VisualStudio.TestPlatform.Fakes.dll', returning.
TpTrace Information: 0 : 29196, 1, 2022/04/10, 16:16:18.640, 11236940240598, vstest.console.dll, AssemblyResolver.OnResolve: Microsoft.VisualStudio.TestPlatform.Fakes: Assembly path does not exist: 'C:\Program Files\dotnet\sdk\6.0.201\Extensions\Microsoft.VisualStudio.TestPlatform.Fakes.exe', returning.
TpTrace Information: 0 : 29196, 1, 2022/04/10, 16:16:18.640, 11236940241071, vstest.console.dll, AssemblyResolver.OnResolve: Microsoft.VisualStudio.TestPlatform.Fakes: Searching in: 'C:\Program Files\dotnet\sdk\6.0.201'.
TpTrace Information: 0 : 29196, 1, 2022/04/10, 16:16:18.641, 11236940242114, vstest.console.dll, AssemblyResolver.OnResolve: Microsoft.VisualStudio.TestPlatform.Fakes: Assembly path does not exist: 'C:\Program Files\dotnet\sdk\6.0.201\Microsoft.VisualStudio.TestPlatform.Fakes.dll', returning.
TpTrace Information: 0 : 29196, 1, 2022/04/10, 16:16:18.641, 11236940242975, vstest.console.dll, AssemblyResolver.OnResolve: Microsoft.VisualStudio.TestPlatform.Fakes: Assembly path does not exist: 'C:\Program Files\dotnet\sdk\6.0.201\Microsoft.VisualStudio.TestPlatform.Fakes.exe', returning.
TpTrace Information: 0 : 29196, 1, 2022/04/10, 16:16:18.641, 11236940243436, vstest.console.dll, AssemblyResolver.OnResolve: Microsoft.VisualStudio.TestPlatform.Fakes: Failed to load assembly.
TpTrace Information: 0 : 29196, 1, 2022/04/10, 16:16:18.641, 11236940247339, vstest.console.dll, Failed to load assembly Microsoft.VisualStudio.TestPlatform.Fakes, Version=17.0.0.0, Culture=neutral. Reason:System.IO.FileNotFoundException: Could not load file or assembly 'Microsoft.VisualStudio.TestPlatform.Fakes, Version=17.0.0.0, Culture=neutral, PublicKeyToken=null'. The system cannot find the file specified.
File name: 'Microsoft.VisualStudio.TestPlatform.Fakes, Version=17.0.0.0, Culture=neutral, PublicKeyToken=null'
   at System.Reflection.RuntimeAssembly.InternalLoad(ObjectHandleOnStack assemblyName, ObjectHandleOnStack requestingAssembly, StackCrawlMarkHandle stackMark, Boolean throwOnFileNotFound, ObjectHandleOnStack assemblyLoadContext, ObjectHandleOnStack retAssembly)
   at System.Reflection.RuntimeAssembly.InternalLoad(AssemblyName assemblyName, RuntimeAssembly requestingAssembly, StackCrawlMark& stackMark, Boolean throwOnFileNotFound, AssemblyLoadContext assemblyLoadContext)
   at System.Reflection.Assembly.Load(AssemblyName assemblyRef)
   at Microsoft.VisualStudio.TestPlatform.Common.Utilities.FakesUtilities.LoadTestPlatformAssembly()
TpTrace Verbose: 0 : 29196, 1, 2022/04/10, 16:16:18.646, 11236940298762, vstest.console.dll, TestPluginCache.DiscoverTestExtensions: finding test extensions in assemblies ends with: TestLogger.dll TPluginInfo: Microsoft.VisualStudio.TestPlatform.Common.ExtensionFramework.Utilities.TestLoggerPluginInformation TExtension: Microsoft.VisualStudio.TestPlatform.ObjectModel.Client.ITestLogger
TpTrace Verbose: 0 : 29196, 1, 2022/04/10, 16:16:18.646, 11236940300257, vstest.console.dll, TestPluginCache.GetExtensionPaths: Filtered extension paths: 
TpTrace Verbose: 0 : 29196, 1, 2022/04/10, 16:16:18.646, 11236940300733, vstest.console.dll, TestPluginCache.GetExtensionPaths: Added default extension paths: C:\Program Files\dotnet\sdk\6.0.201\Extensions\DumpMinitool.exe
C:\Program Files\dotnet\sdk\6.0.201\Extensions\DumpMinitool.x86.exe
C:\Program Files\dotnet\sdk\6.0.201\Extensions\Microsoft.Diagnostics.NETCore.Client.dll
C:\Program Files\dotnet\sdk\6.0.201\Extensions\Microsoft.TestPlatform.Extensions.BlameDataCollector.dll
C:\Program Files\dotnet\sdk\6.0.201\Extensions\Microsoft.TestPlatform.Extensions.EventLogCollector.dll
C:\Program Files\dotnet\sdk\6.0.201\Extensions\Microsoft.TestPlatform.TestHostRuntimeProvider.dll
C:\Program Files\dotnet\sdk\6.0.201\Extensions\Microsoft.VisualStudio.TestPlatform.Extensions.Html.TestLogger.dll
C:\Program Files\dotnet\sdk\6.0.201\Extensions\Microsoft.VisualStudio.TestPlatform.Extensions.Trx.TestLogger.dll
TpTrace Verbose: 0 : 29196, 1, 2022/04/10, 16:16:18.646, 11236940301193, vstest.console.dll, TestPluginCache.GetExtensionPaths: Added unfilterableExtensionPaths: 
TpTrace Information: 0 : 29196, 1, 2022/04/10, 16:16:18.647, 11236940303138, vstest.console.dll, AssemblyResolver.AddSearchDirectories: Adding more searchDirectories C:\Program Files\dotnet\sdk\6.0.201\Extensions,C:\Program Files\dotnet\sdk\6.0.201
TpTrace Verbose: 0 : 29196, 1, 2022/04/10, 16:16:18.647, 11236940303870, vstest.console.dll, TestPluginCache.DiscoverTestExtensions: Discovering the extensions using extension path.
TpTrace Verbose: 0 : 29196, 1, 2022/04/10, 16:16:18.647, 11236940304346, vstest.console.dll, TestPluginCache.GetExtensionPaths: Filtered extension paths: 
TpTrace Verbose: 0 : 29196, 1, 2022/04/10, 16:16:18.647, 11236940304716, vstest.console.dll, TestPluginCache.GetExtensionPaths: Added default extension paths: C:\Program Files\dotnet\sdk\6.0.201\Extensions\DumpMinitool.exe
C:\Program Files\dotnet\sdk\6.0.201\Extensions\DumpMinitool.x86.exe
C:\Program Files\dotnet\sdk\6.0.201\Extensions\Microsoft.Diagnostics.NETCore.Client.dll
C:\Program Files\dotnet\sdk\6.0.201\Extensions\Microsoft.TestPlatform.Extensions.BlameDataCollector.dll
C:\Program Files\dotnet\sdk\6.0.201\Extensions\Microsoft.TestPlatform.Extensions.EventLogCollector.dll
C:\Program Files\dotnet\sdk\6.0.201\Extensions\Microsoft.TestPlatform.TestHostRuntimeProvider.dll
C:\Program Files\dotnet\sdk\6.0.201\Extensions\Microsoft.VisualStudio.TestPlatform.Extensions.Html.TestLogger.dll
C:\Program Files\dotnet\sdk\6.0.201\Extensions\Microsoft.VisualStudio.TestPlatform.Extensions.Trx.TestLogger.dll
TpTrace Verbose: 0 : 29196, 1, 2022/04/10, 16:16:18.647, 11236940305844, vstest.console.dll, TestPluginCache.GetExtensionPaths: Added unfilterableExtensionPaths: 
TpTrace Verbose: 0 : 29196, 1, 2022/04/10, 16:16:18.647, 11236940306343, vstest.console.dll, TestPluginCache.DiscoverTestExtensions: Discovering the extensions using allExtensionPaths: C:\Program Files\dotnet\sdk\6.0.201\Extensions\DumpMinitool.exe
C:\Program Files\dotnet\sdk\6.0.201\Extensions\DumpMinitool.x86.exe
C:\Program Files\dotnet\sdk\6.0.201\Extensions\Microsoft.Diagnostics.NETCore.Client.dll
C:\Program Files\dotnet\sdk\6.0.201\Extensions\Microsoft.TestPlatform.Extensions.BlameDataCollector.dll
C:\Program Files\dotnet\sdk\6.0.201\Extensions\Microsoft.TestPlatform.Extensions.EventLogCollector.dll
C:\Program Files\dotnet\sdk\6.0.201\Extensions\Microsoft.TestPlatform.TestHostRuntimeProvider.dll
C:\Program Files\dotnet\sdk\6.0.201\Extensions\Microsoft.VisualStudio.TestPlatform.Extensions.Html.TestLogger.dll
C:\Program Files\dotnet\sdk\6.0.201\Extensions\Microsoft.VisualStudio.TestPlatform.Extensions.Trx.TestLogger.dll
TpTrace Information: 0 : 29196, 1, 2022/04/10, 16:16:18.647, 11236940306951, vstest.console.dll, AssemblyResolver.AddSearchDirectories: Adding more searchDirectories C:\Program Files\dotnet\sdk\6.0.201\Extensions,C:\Program Files\dotnet\sdk\6.0.201
TpTrace Information: 0 : 29196, 1, 2022/04/10, 16:16:18.647, 11236940307364, vstest.console.dll, AssemblyResolver.AddSearchDirectories: Adding more searchDirectories C:\Program Files\dotnet\sdk\6.0.201\Extensions,C:\Program Files\dotnet\sdk\6.0.201
TpTrace Information: 0 : 29196, 1, 2022/04/10, 16:16:18.647, 11236940307787, vstest.console.dll, AssemblyResolver.AddSearchDirectories: Adding more searchDirectories C:\Program Files\dotnet\sdk\6.0.201\Extensions,C:\Program Files\dotnet\sdk\6.0.201
TpTrace Information: 0 : 29196, 1, 2022/04/10, 16:16:18.647, 11236940308187, vstest.console.dll, AssemblyResolver.AddSearchDirectories: Adding more searchDirectories C:\Program Files\dotnet\sdk\6.0.201\Extensions,C:\Program Files\dotnet\sdk\6.0.201
TpTrace Information: 0 : 29196, 1, 2022/04/10, 16:16:18.647, 11236940308573, vstest.console.dll, AssemblyResolver.AddSearchDirectories: Adding more searchDirectories C:\Program Files\dotnet\sdk\6.0.201\Extensions,C:\Program Files\dotnet\sdk\6.0.201
TpTrace Information: 0 : 29196, 1, 2022/04/10, 16:16:18.647, 11236940308937, vstest.console.dll, AssemblyResolver.AddSearchDirectories: Adding more searchDirectories C:\Program Files\dotnet\sdk\6.0.201\Extensions,C:\Program Files\dotnet\sdk\6.0.201
TpTrace Information: 0 : 29196, 1, 2022/04/10, 16:16:18.647, 11236940309386, vstest.console.dll, AssemblyResolver.AddSearchDirectories: Adding more searchDirectories C:\Program Files\dotnet\sdk\6.0.201\Extensions,C:\Program Files\dotnet\sdk\6.0.201
TpTrace Information: 0 : 29196, 1, 2022/04/10, 16:16:18.647, 11236940309745, vstest.console.dll, AssemblyResolver.AddSearchDirectories: Adding more searchDirectories C:\Program Files\dotnet\sdk\6.0.201\Extensions,C:\Program Files\dotnet\sdk\6.0.201
TpTrace Information: 0 : 29196, 1, 2022/04/10, 16:16:18.648, 11236940313979, vstest.console.dll, AssemblyResolver.OnResolve: Microsoft.Bcl.AsyncInterfaces: Resolving assembly.
TpTrace Information: 0 : 29196, 1, 2022/04/10, 16:16:18.648, 11236940314642, vstest.console.dll, AssemblyResolver.OnResolve: Microsoft.Bcl.AsyncInterfaces: Resolved from cache.
TpTrace Verbose: 0 : 29196, 1, 2022/04/10, 16:16:18.648, 11236940315043, vstest.console.dll, CurrentDomainAssemblyResolve: Resolving assembly 'Microsoft.Bcl.AsyncInterfaces'.
TpTrace Information: 0 : 29196, 1, 2022/04/10, 16:16:18.648, 11236940315580, vstest.console.dll, AssemblyResolver.OnResolve: Microsoft.Bcl.AsyncInterfaces: Resolving assembly.
TpTrace Information: 0 : 29196, 1, 2022/04/10, 16:16:18.648, 11236940315962, vstest.console.dll, AssemblyResolver.OnResolve: Microsoft.Bcl.AsyncInterfaces: Resolved from cache.
TpTrace Verbose: 0 : 29196, 1, 2022/04/10, 16:16:18.648, 11236940316392, vstest.console.dll, CurrentDomainAssemblyResolve: Resolving assembly 'Microsoft.Bcl.AsyncInterfaces'.
TpTrace Verbose: 0 : 29196, 1, 2022/04/10, 16:16:18.648, 11236940316761, vstest.console.dll, CurrentDomainAssemblyResolve: Failed to resolve assembly 'Microsoft.Bcl.AsyncInterfaces'.
TpTrace Verbose: 0 : 29196, 1, 2022/04/10, 16:16:18.648, 11236940319105, vstest.console.dll, CurrentDomainAssemblyResolve: Failed to resolve assembly 'Microsoft.Bcl.AsyncInterfaces'.
TpTrace Warning: 0 : 29196, 1, 2022/04/10, 16:16:18.649, 11236940323731, vstest.console.dll, TestPluginDiscoverer: Failed to get types from assembly 'Microsoft.Diagnostics.NETCore.Client, Version=0.2.5.801, Culture=neutral, PublicKeyToken=31bf3856ad364e35'.  Skipping test extension scan for this assembly.  Error: System.Reflection.ReflectionTypeLoadException: Unable to load one or more of the requested types.
Could not load file or assembly 'Microsoft.Bcl.AsyncInterfaces, Version=1.0.0.0, Culture=neutral, PublicKeyToken=cc7b13ffcd2ddd51'. The system cannot find the file specified.
   at System.Reflection.RuntimeModule.GetTypes(RuntimeModule module)
   at System.Reflection.Assembly.GetTypes()
   at Microsoft.VisualStudio.TestPlatform.Common.ExtensionFramework.TestPluginDiscoverer.GetTestExtensionsFromAssembly[TPluginInfo,TExtension](Assembly assembly, Dictionary`2 pluginInfos)
System.IO.FileNotFoundException: Could not load file or assembly 'Microsoft.Bcl.AsyncInterfaces, Version=1.0.0.0, Culture=neutral, PublicKeyToken=cc7b13ffcd2ddd51'. The system cannot find the file specified.
File name: 'Microsoft.Bcl.AsyncInterfaces, Version=1.0.0.0, Culture=neutral, PublicKeyToken=cc7b13ffcd2ddd51'
 ---> System.IO.FileNotFoundException: Could not load file or assembly 'Microsoft.Bcl.AsyncInterfaces, Culture=neutral, PublicKeyToken=null'. The system cannot find the file specified.
File name: 'Microsoft.Bcl.AsyncInterfaces, Culture=neutral, PublicKeyToken=null'
   at System.Reflection.RuntimeAssembly.InternalLoad(ObjectHandleOnStack assemblyName, ObjectHandleOnStack requestingAssembly, StackCrawlMarkHandle stackMark, Boolean throwOnFileNotFound, ObjectHandleOnStack assemblyLoadContext, ObjectHandleOnStack retAssembly)
   at System.Reflection.RuntimeAssembly.InternalLoad(AssemblyName assemblyName, RuntimeAssembly requestingAssembly, StackCrawlMark& stackMark, Boolean throwOnFileNotFound, AssemblyLoadContext assemblyLoadContext)
   at System.Reflection.Assembly.Load(AssemblyName assemblyRef)
   at Microsoft.VisualStudio.TestPlatform.Common.ExtensionFramework.TestPluginCache.CurrentDomainAssemblyResolve(Object sender, AssemblyResolveEventArgs args)
   at Microsoft.VisualStudio.TestPlatform.PlatformAbstractions.PlatformAssemblyResolver.AssemblyResolverEvent(Object sender, Object eventArgs)
   at System.Runtime.Loader.AssemblyLoadContext.GetFirstResolvedAssemblyFromResolvingEvent(AssemblyName assemblyName)
   at System.Runtime.Loader.AssemblyLoadContext.ResolveUsingEvent(AssemblyName assemblyName)
   at System.Runtime.Loader.AssemblyLoadContext.ResolveUsingResolvingEvent(IntPtr gchManagedAssemblyLoadContext, AssemblyName assemblyName)
TpTrace Warning: 0 : 29196, 1, 2022/04/10, 16:16:18.649, 11236940325745, vstest.console.dll, LoaderExceptions: System.IO.FileNotFoundException: Could not load file or assembly 'Microsoft.Bcl.AsyncInterfaces, Version=1.0.0.0, Culture=neutral, PublicKeyToken=cc7b13ffcd2ddd51'. The system cannot find the file specified.
File name: 'Microsoft.Bcl.AsyncInterfaces, Version=1.0.0.0, Culture=neutral, PublicKeyToken=cc7b13ffcd2ddd51'
 ---> System.IO.FileNotFoundException: Could not load file or assembly 'Microsoft.Bcl.AsyncInterfaces, Culture=neutral, PublicKeyToken=null'. The system cannot find the file specified.
File name: 'Microsoft.Bcl.AsyncInterfaces, Culture=neutral, PublicKeyToken=null'
   at System.Reflection.RuntimeAssembly.InternalLoad(ObjectHandleOnStack assemblyName, ObjectHandleOnStack requestingAssembly, StackCrawlMarkHandle stackMark, Boolean throwOnFileNotFound, ObjectHandleOnStack assemblyLoadContext, ObjectHandleOnStack retAssembly)
   at System.Reflection.RuntimeAssembly.InternalLoad(AssemblyName assemblyName, RuntimeAssembly requestingAssembly, StackCrawlMark& stackMark, Boolean throwOnFileNotFound, AssemblyLoadContext assemblyLoadContext)
   at System.Reflection.Assembly.Load(AssemblyName assemblyRef)
   at Microsoft.VisualStudio.TestPlatform.Common.ExtensionFramework.TestPluginCache.CurrentDomainAssemblyResolve(Object sender, AssemblyResolveEventArgs args)
   at Microsoft.VisualStudio.TestPlatform.PlatformAbstractions.PlatformAssemblyResolver.AssemblyResolverEvent(Object sender, Object eventArgs)
   at System.Runtime.Loader.AssemblyLoadContext.GetFirstResolvedAssemblyFromResolvingEvent(AssemblyName assemblyName)
   at System.Runtime.Loader.AssemblyLoadContext.ResolveUsingEvent(AssemblyName assemblyName)
   at System.Runtime.Loader.AssemblyLoadContext.ResolveUsingResolvingEvent(IntPtr gchManagedAssemblyLoadContext, AssemblyName assemblyName)
TpTrace Verbose: 0 : 29196, 1, 2022/04/10, 16:16:18.649, 11236940330673, vstest.console.dll, TestPluginCache: Discovered the extensions using extension path ''.
TpTrace Verbose: 0 : 29196, 1, 2022/04/10, 16:16:18.649, 11236940331269, vstest.console.dll, TestPluginCache: Discoverers are ''.
TpTrace Verbose: 0 : 29196, 1, 2022/04/10, 16:16:18.649, 11236940331637, vstest.console.dll, TestPluginCache: Executors are ''.
TpTrace Verbose: 0 : 29196, 1, 2022/04/10, 16:16:18.649, 11236940331943, vstest.console.dll, TestPluginCache: Executors2 are ''.
TpTrace Verbose: 0 : 29196, 1, 2022/04/10, 16:16:18.650, 11236940332244, vstest.console.dll, TestPluginCache: Setting providers are ''.
TpTrace Verbose: 0 : 29196, 1, 2022/04/10, 16:16:18.650, 11236940333135, vstest.console.dll, TestPluginCache: Loggers are 'logger://Microsoft/TestPlatform/Extensions/Blame/v1,logger://Microsoft/TestPlatform/HtmlLogger/v1,logger://Microsoft/TestPlatform/TrxLogger/v1'.
TpTrace Information: 0 : 29196, 1, 2022/04/10, 16:16:18.650, 11236940341636, vstest.console.dll, TestPluginManager.CreateTestExtension: Attempting to load test extension: Microsoft.TestPlatform.Extensions.BlameDataCollector.BlameLogger
TpTrace Information: 0 : 29196, 1, 2022/04/10, 16:16:18.658, 11236940417752, vstest.console.dll, TestPluginManager.CreateTestExtension: Attempting to load test extension: Microsoft.VisualStudio.TestPlatform.CrossPlatEngine.Hosting.DefaultTestHostManager
TpTrace Information: 0 : 29196, 1, 2022/04/10, 16:16:18.659, 11236940431313, vstest.console.dll, TestPluginManager.CreateTestExtension: Attempting to load test extension: Microsoft.VisualStudio.TestPlatform.CrossPlatEngine.Hosting.DotnetTestHostManager
TpTrace Verbose: 0 : 29196, 1, 2022/04/10, 16:16:18.660, 11236940439525, vstest.console.dll, TestEngine: Initializing Parallel Execution as MaxCpuCount is set to: 1
TpTrace Information: 0 : 29196, 1, 2022/04/10, 16:16:18.661, 11236940446831, vstest.console.dll, InferRunSettingsHelper.IsTestSettingsEnabled: Unable to navigate to RunSettings/MSTest. Current node: RunSettings
TpTrace Verbose: 0 : 29196, 1, 2022/04/10, 16:16:18.676, 11236940592570, vstest.console.dll, TestRequestSender is acting as server
TpTrace Verbose: 0 : 29196, 5, 2022/04/10, 16:16:18.682, 11236940655366, vstest.console.dll, DataCollectionRequestSender.InitializeCommunication : Initialize communication. 
TpTrace Information: 0 : 29196, 5, 2022/04/10, 16:16:18.691, 11236940743309, vstest.console.dll, Listening on Endpoint : 127.0.0.1:56113
TpTrace Verbose: 0 : 29196, 5, 2022/04/10, 16:16:18.705, 11236940887141, vstest.console.dll, DotnetDataCollectionLauncher: Full path of dotnet.exe is C:\Program Files\dotnet\dotnet.exe
TpTrace Verbose: 0 : 29196, 5, 2022/04/10, 16:16:18.705, 11236940889995, vstest.console.dll, DotnetDataCollectionLauncher: Adding  --runtimeconfig "C:\Program Files\dotnet\sdk\6.0.201\datacollector.runtimeconfig.json" in args
TpTrace Verbose: 0 : 29196, 5, 2022/04/10, 16:16:18.705, 11236940891241, vstest.console.dll, DotnetDataCollectionLauncher: Adding  --depsfile "C:\Program Files\dotnet\sdk\6.0.201\datacollector.deps.json" in args
TpTrace Information: 0 : 29196, 5, 2022/04/10, 16:16:18.733, 11236941163330, vstest.console.dll, ProxyDataCollectionManager.Initialize: Launched datacollector processId: 23160 port: 56113
TpTrace Information: 0 : 29196, 5, 2022/04/10, 16:16:18.733, 11236941165271, vstest.console.dll, ProxyDataCollectionManager.Initialize: waiting for connection with timeout: 90 seconds
TpTrace Verbose: 0 : 29196, 5, 2022/04/10, 16:16:18.733, 11236941165930, vstest.console.dll, DataCollectionRequestSender.WaitForRequestHandlerConnection : Waiting for connection with timeout: 90000
TpTrace Information: 0 : 29196, 8, 2022/04/10, 16:16:18.924, 11236943074453, vstest.console.dll, Using the buffer size of 16384 bytes
TpTrace Verbose: 0 : 29196, 5, 2022/04/10, 16:16:18.924, 11236943075578, vstest.console.dll, ProxyDataCollectionManager.InvokeDataCollectionServiceAction: Starting.
TpTrace Information: 0 : 29196, 8, 2022/04/10, 16:16:18.924, 11236943076461, vstest.console.dll, Accepted Client request and set the flag
TpTrace Information: 0 : 29196, 5, 2022/04/10, 16:16:18.924, 11236943077874, vstest.console.dll, ProxyDataCollectionManager.BeforeTestRunStart: Get environment variable and port for datacollector processId: 23160 port: 56113
TpTrace Verbose: 0 : 29196, 5, 2022/04/10, 16:16:18.924, 11236943080488, vstest.console.dll, DataCollectionRequestSender.SendBeforeTestRunStartAndGetResult : Send BeforeTestRunStart message with settingsXml <RunSettings><RunConfiguration><ResultsDirectory>C:\Miroslav Apps\Programing\ASP.NET-Core-Template-master\src\Tests\AspNetCoreTemplate.Services.Data.Tests\bin\Debug\net6.0\fine-code-coverage\coverage-tool-output</ResultsDirectory><TargetPlatform>X64</TargetPlatform><TargetFrameworkVersion>.NETCoreApp,Version=v6.0</TargetFrameworkVersion><DesignMode>False</DesignMode><CollectSourceInformation>False</CollectSourceInformation><TestAdaptersPaths>C:\Program Files\dotnet\sdk\6.0.201\Extensions</TestAdaptersPaths></RunConfiguration><LoggerRunSettings><Loggers><Logger friendlyName="blame" enabled="True" /><Logger friendlyName="Console" uri="logger://microsoft/TestPlatform/ConsoleLogger/v1" assemblyQualifiedName="Microsoft.VisualStudio.TestPlatform.CommandLine.Internal.ConsoleLogger, vstest.console, Version=15.0.0.0, Culture=neutral, PublicKeyToken=b03f5f7f11d50a3a" codeBase="C:\Program Files\dotnet\sdk\6.0.201\vstest.console.dll" enabled="True" /></Loggers></LoggerRunSettings><DataCollectionRunSettings><DataCollectors><DataCollector friendlyName="blame" enabled="True"><Configuration><ResultsDirectory>C:\Miroslav Apps\Programing\ASP.NET-Core-Template-master\src\Tests\AspNetCoreTemplate.Services.Data.Tests\bin\Debug\net6.0\fine-code-coverage\coverage-tool-output</ResultsDirectory></Configuration></DataCollector></DataCollectors></DataCollectionRunSettings></RunSettings> and sources System.Linq.Enumerable+Concat2Iterator`1[System.String]: 
TpTrace Verbose: 0 : 29196, 5, 2022/04/10, 16:16:19.033, 11236944166110, vstest.console.dll, DataCollectionRequestSender.SendBeforeTestRunStartAndGetResult : Received message: (DataCollection.SendMessage) -> {
  "FriendlyName": null,
  "Uri": null,
  "TestCaseId": "00000000-0000-0000-0000-000000000000",
  "Message": "Logging DataCollector Diagnostics in file: C:\\Miroslav Apps\\Programing\\ASP.NET-Core-Template-master\\src\\Tests\\AspNetCoreTemplate.Services.Data.Tests\\bin\\Debug\\net6.0\\fine-code-coverage\\coverage-tool-output\\diagnostics.datacollector.22-04-10_16-16-18_69982_5.log",
  "Level": 0
}
TpTrace Verbose: 0 : 29196, 5, 2022/04/10, 16:16:19.119, 11236945030367, vstest.console.dll, DataCollectionRequestSender.SendBeforeTestRunStartAndGetResult : Received message: (DataCollection.BeforeTestRunStartResult) -> {
  "EnvironmentVariables": {},
  "DataCollectionEventsPort": 56115
}
TpTrace Information: 0 : 29196, 5, 2022/04/10, 16:16:19.127, 11236945110630, vstest.console.dll, ProxyDataCollectionManager.BeforeTestRunStart: SendBeforeTestRunStartAndGetResult successful, env variable from datacollector:   and testhost port: 56115
TpTrace Information: 0 : 29196, 5, 2022/04/10, 16:16:19.128, 11236945112725, vstest.console.dll, ProxyDataCollectionManager.InvokeDataCollectionServiceAction: Completed.
TpTrace Verbose: 0 : 29196, 1, 2022/04/10, 16:16:19.128, 11236945114318, vstest.console.dll, TestRunRequest.ExecuteAsync: Creating test run request.
TpTrace Verbose: 0 : 29196, 1, 2022/04/10, 16:16:19.128, 11236945117740, vstest.console.dll, TestRunRequest.ExecuteAsync: Starting.
TpTrace Information: 0 : 29196, 1, 2022/04/10, 16:16:19.128, 11236945121956, vstest.console.dll, TestRunRequest.ExecuteAsync: Starting run with settings:TestRunCriteria:
   KeepAlive=False,FrequencyOfRunStatsChangeEvent=10,RunStatsChangeEventTimeout=00:00:01.5000000,TestCaseFilter=,TestExecutorLauncher=
   Settingsxml=<RunSettings>
  <RunConfiguration>
    <ResultsDirectory>C:\Miroslav Apps\Programing\ASP.NET-Core-Template-master\src\Tests\AspNetCoreTemplate.Services.Data.Tests\bin\Debug\net6.0\fine-code-coverage\coverage-tool-output</ResultsDirectory>
    <TargetPlatform>X64</TargetPlatform>
    <TargetFrameworkVersion>.NETCoreApp,Version=v6.0</TargetFrameworkVersion>
    <DesignMode>False</DesignMode>
    <CollectSourceInformation>False</CollectSourceInformation>
  </RunConfiguration>
  <LoggerRunSettings>
    <Loggers>
      <Logger friendlyName="blame" enabled="True" />
      <Logger friendlyName="Console" uri="logger://microsoft/TestPlatform/ConsoleLogger/v1" assemblyQualifiedName="Microsoft.VisualStudio.TestPlatform.CommandLine.Internal.ConsoleLogger, vstest.console, Version=15.0.0.0, Culture=neutral, PublicKeyToken=b03f5f7f11d50a3a" codeBase="C:\Program Files\dotnet\sdk\6.0.201\vstest.console.dll" enabled="True" />
    </Loggers>
  </LoggerRunSettings>
  <DataCollectionRunSettings>
    <DataCollectors>
      <DataCollector friendlyName="blame" enabled="True">
        <Configuration>
          <ResultsDirectory>C:\Miroslav Apps\Programing\ASP.NET-Core-Template-master\src\Tests\AspNetCoreTemplate.Services.Data.Tests\bin\Debug\net6.0\fine-code-coverage\coverage-tool-output</ResultsDirectory>
        </Configuration>
      </DataCollector>
    </DataCollectors>
  </DataCollectionRunSettings>
</RunSettings>

TpTrace Verbose: 0 : 29196, 1, 2022/04/10, 16:16:19.129, 11236945122619, vstest.console.dll, TestRunRequest.ExecuteAsync: Wait for the first run request is over.
TpTrace Verbose: 0 : 29196, 1, 2022/04/10, 16:16:19.129, 11236945127768, vstest.console.dll, ParallelProxyExecutionManager: Start execution. Total sources: 1
TpTrace Information: 0 : 29196, 1, 2022/04/10, 16:16:19.130, 11236945136233, vstest.console.dll, ProxyParallelExecutionManager: Triggering test run for next source: C:\Miroslav Apps\Programing\ASP.NET-Core-Template-master\src\Tests\AspNetCoreTemplate.Services.Data.Tests\bin\Debug\net6.0\fine-code-coverage\build-output\AspNetCoreTemplate.Services.Data.Tests.dll
TpTrace Verbose: 0 : 29196, 5, 2022/04/10, 16:16:19.130, 11236945138910, vstest.console.dll, ParallelProxyExecutionManager: Execution started. Started clients: 1
TpTrace Verbose: 0 : 29196, 1, 2022/04/10, 16:16:19.130, 11236945139769, vstest.console.dll, ProxyParallelExecutionManager: No sources available for execution.
TpTrace Information: 0 : 29196, 1, 2022/04/10, 16:16:19.130, 11236945140452, vstest.console.dll, TestRunRequest.ExecuteAsync: Started.
TpTrace Verbose: 0 : 29196, 1, 2022/04/10, 16:16:19.130, 11236945141421, vstest.console.dll, TestRunRequest.WaitForCompletion: Waiting with timeout -1.
TpTrace Verbose: 0 : 29196, 5, 2022/04/10, 16:16:19.131, 11236945143294, vstest.console.dll, TestRunRequest:SendTestRunMessage: Starting.
TpTrace Information: 0 : 29196, 5, 2022/04/10, 16:16:19.131, 11236945144941, vstest.console.dll, TestRunRequest:SendTestRunMessage: Completed.
TpTrace Verbose: 0 : 29196, 5, 2022/04/10, 16:16:19.131, 11236945148437, vstest.console.dll, ProxyExecutionManager: Test host is always Lazy initialize.
TpTrace Verbose: 0 : 29196, 5, 2022/04/10, 16:16:19.131, 11236945151658, vstest.console.dll, TestRequestSender.InitializeCommunication: initialize communication. 
TpTrace Information: 0 : 29196, 5, 2022/04/10, 16:16:19.132, 11236945158677, vstest.console.dll, SocketServer.Start: Listening on endpoint : 127.0.0.1:56116
TpTrace Verbose: 0 : 29196, 5, 2022/04/10, 16:16:19.133, 11236945168268, vstest.console.dll, DotnetTestHostmanager.GetTestHostProcessStartInfo: Platform environment 'X64' target architecture 'X64' framework '.NETCoreApp,Version=v6.0' OS 'Windows'
TpTrace Verbose: 0 : 29196, 5, 2022/04/10, 16:16:19.134, 11236945173405, vstest.console.dll, DotnetTestHostmanager: Adding  --runtimeconfig "C:\Miroslav Apps\Programing\ASP.NET-Core-Template-master\src\Tests\AspNetCoreTemplate.Services.Data.Tests\bin\Debug\net6.0\fine-code-coverage\build-output\AspNetCoreTemplate.Services.Data.Tests.runtimeconfig.json" in args
TpTrace Verbose: 0 : 29196, 5, 2022/04/10, 16:16:19.134, 11236945175935, vstest.console.dll, DotnetTestHostmanager: Adding  --depsfile "C:\Miroslav Apps\Programing\ASP.NET-Core-Template-master\src\Tests\AspNetCoreTemplate.Services.Data.Tests\bin\Debug\net6.0\fine-code-coverage\build-output\AspNetCoreTemplate.Services.Data.Tests.deps.json" in args
TpTrace Verbose: 0 : 29196, 5, 2022/04/10, 16:16:19.137, 11236945204553, vstest.console.dll, DotnetTestHostmanager.IsWinOnArm: Current PROCESSOR_ARCHITECTURE from registry 'AMD64'
TpTrace Verbose: 0 : 29196, 5, 2022/04/10, 16:16:19.137, 11236945206488, vstest.console.dll, DotnetTestHostmanager.IsWinOnArm: Is Windows on ARM 'False'
TpTrace Verbose: 0 : 29196, 5, 2022/04/10, 16:16:19.137, 11236945208534, vstest.console.dll, DotnetTestHostManager: testhost.exe found at path: C:\Miroslav Apps\Programing\ASP.NET-Core-Template-master\src\Tests\AspNetCoreTemplate.Services.Data.Tests\bin\Debug\net6.0\fine-code-coverage\build-output\testhost.exe
TpTrace Verbose: 0 : 29196, 5, 2022/04/10, 16:16:19.137, 11236945209406, vstest.console.dll, DotnetTestHostmanager: Full path of host exe is C:\Miroslav Apps\Programing\ASP.NET-Core-Template-master\src\Tests\AspNetCoreTemplate.Services.Data.Tests\bin\Debug\net6.0\fine-code-coverage\build-output\testhost.exe
TpTrace Verbose: 0 : 29196, 5, 2022/04/10, 16:16:19.137, 11236945211423, vstest.console.dll, DotnetTestHostmanager.LaunchTestHostAsync: Found 'VSTEST_WINAPPHOST_DOTNET_ROOT' in env variables, value 'C:\Program Files\dotnet'
TpTrace Verbose: 0 : 29196, 7, 2022/04/10, 16:16:19.139, 11236945222865, vstest.console.dll, DotnetTestHostManager: Starting process 'C:\Miroslav Apps\Programing\ASP.NET-Core-Template-master\src\Tests\AspNetCoreTemplate.Services.Data.Tests\bin\Debug\net6.0\fine-code-coverage\build-output\testhost.exe' with command line ' --runtimeconfig "C:\Miroslav Apps\Programing\ASP.NET-Core-Template-master\src\Tests\AspNetCoreTemplate.Services.Data.Tests\bin\Debug\net6.0\fine-code-coverage\build-output\AspNetCoreTemplate.Services.Data.Tests.runtimeconfig.json" --depsfile "C:\Miroslav Apps\Programing\ASP.NET-Core-Template-master\src\Tests\AspNetCoreTemplate.Services.Data.Tests\bin\Debug\net6.0\fine-code-coverage\build-output\AspNetCoreTemplate.Services.Data.Tests.deps.json" --port 56116 --endpoint 127.0.0.1:056116 --role client --parentprocessid 29196 --diag "C:\Miroslav Apps\Programing\ASP.NET-Core-Template-master\src\Tests\AspNetCoreTemplate.Services.Data.Tests\bin\Debug\net6.0\fine-code-coverage\coverage-tool-output\diagnostics.host.22-04-10_16-16-19_13315_5.log" --tracelevel 4 --datacollectionport 56115 --telemetryoptedin false'
TpTrace Verbose: 0 : 29196, 7, 2022/04/10, 16:16:19.159, 11236945431464, vstest.console.dll, Test Runtime launched
TpTrace Verbose: 0 : 29196, 5, 2022/04/10, 16:16:19.160, 11236945440355, vstest.console.dll, TestRequestSender.WaitForRequestHandlerConnection: waiting for connection with timeout: 90000
TpTrace Verbose: 0 : 29196, 7, 2022/04/10, 16:16:19.386, 11236947699710, vstest.console.dll, SocketServer.OnClientConnected: Client connected for endPoint: 127.0.0.1:56116, starting MessageLoopAsync:
TpTrace Verbose: 0 : 29196, 14, 2022/04/10, 16:16:19.387, 11236947703962, vstest.console.dll, TcpClientExtensions.MessageLoopAsync: Polling on remoteEndPoint: 127.0.0.1:56117 localEndPoint: 127.0.0.1:56116
TpTrace Verbose: 0 : 29196, 5, 2022/04/10, 16:16:19.388, 11236947716640, vstest.console.dll, TestRequestSender.CheckVersionWithTestHost: Sending check version message: {"MessageType":"ProtocolVersion","Payload":5}
TpTrace Verbose: 0 : 29196, 14, 2022/04/10, 16:16:19.564, 11236949477593, vstest.console.dll, TcpClientExtensions.MessageLoopAsync: NotifyDataAvailable remoteEndPoint: 127.0.0.1:56117 localEndPoint: 127.0.0.1:56116
TpTrace Verbose: 0 : 29196, 14, 2022/04/10, 16:16:19.564, 11236949481092, vstest.console.dll, TestRequestSender.CheckVersionWithTestHost: onMessageReceived received message: (ProtocolVersion) -> 5
TpTrace Verbose: 0 : 29196, 14, 2022/04/10, 16:16:19.565, 11236949486483, vstest.console.dll, TcpClientExtensions.MessageLoopAsync: Polling on remoteEndPoint: 127.0.0.1:56117 localEndPoint: 127.0.0.1:56116
TpTrace Verbose: 0 : 29196, 5, 2022/04/10, 16:16:19.565, 11236949487869, vstest.console.dll, TestPluginCache.GetExtensionPaths: Filtered extension paths: 
TpTrace Verbose: 0 : 29196, 5, 2022/04/10, 16:16:19.565, 11236949489060, vstest.console.dll, TestPluginCache.GetExtensionPaths: Added default extension paths: C:\Program Files\dotnet\sdk\6.0.201\Extensions\DumpMinitool.exe
C:\Program Files\dotnet\sdk\6.0.201\Extensions\DumpMinitool.x86.exe
C:\Program Files\dotnet\sdk\6.0.201\Extensions\Microsoft.Diagnostics.NETCore.Client.dll
C:\Program Files\dotnet\sdk\6.0.201\Extensions\Microsoft.TestPlatform.Extensions.BlameDataCollector.dll
C:\Program Files\dotnet\sdk\6.0.201\Extensions\Microsoft.TestPlatform.Extensions.EventLogCollector.dll
C:\Program Files\dotnet\sdk\6.0.201\Extensions\Microsoft.TestPlatform.TestHostRuntimeProvider.dll
C:\Program Files\dotnet\sdk\6.0.201\Extensions\Microsoft.VisualStudio.TestPlatform.Extensions.Html.TestLogger.dll
C:\Program Files\dotnet\sdk\6.0.201\Extensions\Microsoft.VisualStudio.TestPlatform.Extensions.Trx.TestLogger.dll
TpTrace Verbose: 0 : 29196, 5, 2022/04/10, 16:16:19.565, 11236949489818, vstest.console.dll, TestPluginCache.GetExtensionPaths: Added unfilterableExtensionPaths: 
TpTrace Verbose: 0 : 29196, 5, 2022/04/10, 16:16:19.573, 11236949569667, vstest.console.dll, TestRequestSender.InitializeExecution: Sending initialize execution with message: {"Version":5,"MessageType":"TestExecution.Initialize","Payload":["C:\\Miroslav Apps\\Programing\\ASP.NET-Core-Template-master\\src\\Tests\\AspNetCoreTemplate.Services.Data.Tests\\bin\\Debug\\net6.0\\fine-code-coverage\\build-output\\xunit.runner.visualstudio.dotnetcore.testadapter.dll"]}
TpTrace Warning: 0 : 29196, 5, 2022/04/10, 16:16:19.574, 11236949578960, vstest.console.dll, InferRunSettingsHelper.MakeRunsettingsCompatible: Removing the following settings: TargetPlatform from RunSettings file. To use those settings please move to latest version of Microsoft.NET.Test.Sdk
TpTrace Verbose: 0 : 29196, 14, 2022/04/10, 16:16:19.576, 11236949593627, vstest.console.dll, TcpClientExtensions.MessageLoopAsync: NotifyDataAvailable remoteEndPoint: 127.0.0.1:56117 localEndPoint: 127.0.0.1:56116
TpTrace Verbose: 0 : 29196, 14, 2022/04/10, 16:16:19.576, 11236949595749, vstest.console.dll, TestRequestSender.OnExecutionMessageReceived: Received message: {"Version":5,"MessageType":"TestSession.Message","Payload":{"MessageLevel":0,"Message":"Logging TestHost Diagnostics in file: C:\\Miroslav Apps\\Programing\\ASP.NET-Core-Template-master\\src\\Tests\\AspNetCoreTemplate.Services.Data.Tests\\bin\\Debug\\net6.0\\fine-code-coverage\\coverage-tool-output\\diagnostics.host.22-04-10_16-16-19_13315_5.log"}}
TpTrace Verbose: 0 : 29196, 14, 2022/04/10, 16:16:19.579, 11236949625205, vstest.console.dll, TestRunRequest:SendTestRunMessage: Starting.
TpTrace Information: 0 : 29196, 14, 2022/04/10, 16:16:19.579, 11236949626920, vstest.console.dll, TestRunRequest:SendTestRunMessage: Completed.
TpTrace Verbose: 0 : 29196, 14, 2022/04/10, 16:16:19.579, 11236949627420, vstest.console.dll, TcpClientExtensions.MessageLoopAsync: Polling on remoteEndPoint: 127.0.0.1:56117 localEndPoint: 127.0.0.1:56116
TpTrace Verbose: 0 : 29196, 5, 2022/04/10, 16:16:19.589, 11236949729183, vstest.console.dll, TestRequestSender.StartTestRun: Sending test run with message: {"Version":5,"MessageType":"TestExecution.StartWithSources","Payload":{"AdapterSourceMap":{"_none_":["C:\\Miroslav Apps\\Programing\\ASP.NET-Core-Template-master\\src\\Tests\\AspNetCoreTemplate.Services.Data.Tests\\bin\\Debug\\net6.0\\fine-code-coverage\\build-output\\AspNetCoreTemplate.Services.Data.Tests.dll"]},"RunSettings":"<RunSettings>\r\n  <RunConfiguration>\r\n    <ResultsDirectory>C:\\Miroslav Apps\\Programing\\ASP.NET-Core-Template-master\\src\\Tests\\AspNetCoreTemplate.Services.Data.Tests\\bin\\Debug\\net6.0\\fine-code-coverage\\coverage-tool-output</ResultsDirectory>\r\n    <TargetFrameworkVersion>.NETCoreApp,Version=v6.0</TargetFrameworkVersion>\r\n    <DesignMode>False</DesignMode>\r\n    <CollectSourceInformation>False</CollectSourceInformation>\r\n  </RunConfiguration>\r\n  <LoggerRunSettings>\r\n    <Loggers>\r\n      <Logger friendlyName=\"blame\" enabled=\"True\" />\r\n      <Logger friendlyName=\"Console\" uri=\"logger://microsoft/TestPlatform/ConsoleLogger/v1\" assemblyQualifiedName=\"Microsoft.VisualStudio.TestPlatform.CommandLine.Internal.ConsoleLogger, vstest.console, Version=15.0.0.0, Culture=neutral, PublicKeyToken=b03f5f7f11d50a3a\" codeBase=\"C:\\Program Files\\dotnet\\sdk\\6.0.201\\vstest.console.dll\" enabled=\"True\" />\r\n    </Loggers>\r\n  </LoggerRunSettings>\r\n  <DataCollectionRunSettings>\r\n    <DataCollectors>\r\n      <DataCollector friendlyName=\"blame\" enabled=\"True\">\r\n        <Configuration>\r\n          <ResultsDirectory>C:\\Miroslav Apps\\Programing\\ASP.NET-Core-Template-master\\src\\Tests\\AspNetCoreTemplate.Services.Data.Tests\\bin\\Debug\\net6.0\\fine-code-coverage\\coverage-tool-output</ResultsDirectory>\r\n        </Configuration>\r\n      </DataCollector>\r\n    </DataCollectors>\r\n  </DataCollectionRunSettings>\r\n</RunSettings>","TestExecutionContext":{"FrequencyOfRunStatsChangeEvent":10,"RunStatsChangeEventTimeout":"00:00:01.5000000","InIsolation":false,"KeepAlive":false,"AreTestCaseLevelEventsRequired":false,"IsDebug":false,"TestCaseFilter":null,"FilterOptions":null},"Package":null}}
TpTrace Verbose: 0 : 29196, 14, 2022/04/10, 16:16:19.809, 11236951926930, vstest.console.dll, TcpClientExtensions.MessageLoopAsync: NotifyDataAvailable remoteEndPoint: 127.0.0.1:56117 localEndPoint: 127.0.0.1:56116
TpTrace Verbose: 0 : 29196, 14, 2022/04/10, 16:16:19.809, 11236951929124, vstest.console.dll, TestRequestSender.OnExecutionMessageReceived: Received message: {"Version":5,"MessageType":"TestSession.Message","Payload":{"MessageLevel":0,"Message":"[xUnit.net 00:00:00.00] xUnit.net VSTest Adapter v2.4.3+1b45f5407b (64-bit .NET 6.0.3)"}}
TpTrace Verbose: 0 : 29196, 14, 2022/04/10, 16:16:19.810, 11236951933600, vstest.console.dll, TestRunRequest:SendTestRunMessage: Starting.
TpTrace Information: 0 : 29196, 14, 2022/04/10, 16:16:19.810, 11236951935106, vstest.console.dll, TestRunRequest:SendTestRunMessage: Completed.
TpTrace Verbose: 0 : 29196, 14, 2022/04/10, 16:16:19.810, 11236951936294, vstest.console.dll, TcpClientExtensions.MessageLoopAsync: Polling on remoteEndPoint: 127.0.0.1:56117 localEndPoint: 127.0.0.1:56116
TpTrace Verbose: 0 : 29196, 14, 2022/04/10, 16:16:20.815, 11236961987197, vstest.console.dll, TcpClientExtensions.MessageLoopAsync: Polling on remoteEndPoint: 127.0.0.1:56117 localEndPoint: 127.0.0.1:56116
TpTrace Verbose: 0 : 29196, 14, 2022/04/10, 16:16:20.992, 11236963757818, vstest.console.dll, TcpClientExtensions.MessageLoopAsync: NotifyDataAvailable remoteEndPoint: 127.0.0.1:56117 localEndPoint: 127.0.0.1:56116
TpTrace Verbose: 0 : 29196, 14, 2022/04/10, 16:16:20.992, 11236963759641, vstest.console.dll, TestRequestSender.OnExecutionMessageReceived: Received message: {"Version":5,"MessageType":"TestSession.Message","Payload":{"MessageLevel":0,"Message":"[xUnit.net 00:00:01.19]   Discovering: AspNetCoreTemplate.Services.Data.Tests"}}
TpTrace Verbose: 0 : 29196, 14, 2022/04/10, 16:16:20.993, 11236963763521, vstest.console.dll, TestRunRequest:SendTestRunMessage: Starting.
TpTrace Information: 0 : 29196, 14, 2022/04/10, 16:16:20.993, 11236963764695, vstest.console.dll, TestRunRequest:SendTestRunMessage: Completed.
TpTrace Verbose: 0 : 29196, 14, 2022/04/10, 16:16:20.993, 11236963765260, vstest.console.dll, TcpClientExtensions.MessageLoopAsync: Polling on remoteEndPoint: 127.0.0.1:56117 localEndPoint: 127.0.0.1:56116
TpTrace Verbose: 0 : 29196, 14, 2022/04/10, 16:16:21.049, 11236964326238, vstest.console.dll, TcpClientExtensions.MessageLoopAsync: NotifyDataAvailable remoteEndPoint: 127.0.0.1:56117 localEndPoint: 127.0.0.1:56116
TpTrace Verbose: 0 : 29196, 14, 2022/04/10, 16:16:21.049, 11236964327943, vstest.console.dll, TestRequestSender.OnExecutionMessageReceived: Received message: {"Version":5,"MessageType":"TestSession.Message","Payload":{"MessageLevel":0,"Message":"[xUnit.net 00:00:01.25]   Discovered:  AspNetCoreTemplate.Services.Data.Tests"}}
TpTrace Verbose: 0 : 29196, 14, 2022/04/10, 16:16:21.049, 11236964329988, vstest.console.dll, TestRunRequest:SendTestRunMessage: Starting.
TpTrace Information: 0 : 29196, 14, 2022/04/10, 16:16:21.049, 11236964330628, vstest.console.dll, TestRunRequest:SendTestRunMessage: Completed.
TpTrace Verbose: 0 : 29196, 14, 2022/04/10, 16:16:21.049, 11236964330989, vstest.console.dll, TcpClientExtensions.MessageLoopAsync: Polling on remoteEndPoint: 127.0.0.1:56117 localEndPoint: 127.0.0.1:56116
TpTrace Verbose: 0 : 29196, 14, 2022/04/10, 16:16:21.052, 11236964353997, vstest.console.dll, TcpClientExtensions.MessageLoopAsync: NotifyDataAvailable remoteEndPoint: 127.0.0.1:56117 localEndPoint: 127.0.0.1:56116
TpTrace Verbose: 0 : 29196, 14, 2022/04/10, 16:16:21.052, 11236964354753, vstest.console.dll, TestRequestSender.OnExecutionMessageReceived: Received message: {"Version":5,"MessageType":"TestSession.Message","Payload":{"MessageLevel":0,"Message":"[xUnit.net 00:00:01.25]   Starting:    AspNetCoreTemplate.Services.Data.Tests"}}
TpTrace Verbose: 0 : 29196, 14, 2022/04/10, 16:16:21.052, 11236964356906, vstest.console.dll, TestRunRequest:SendTestRunMessage: Starting.
TpTrace Information: 0 : 29196, 14, 2022/04/10, 16:16:21.052, 11236964357474, vstest.console.dll, TestRunRequest:SendTestRunMessage: Completed.
TpTrace Verbose: 0 : 29196, 14, 2022/04/10, 16:16:21.052, 11236964357813, vstest.console.dll, TcpClientExtensions.MessageLoopAsync: Polling on remoteEndPoint: 127.0.0.1:56117 localEndPoint: 127.0.0.1:56116
TpTrace Verbose: 0 : 29196, 14, 2022/04/10, 16:16:21.219, 11236966027735, vstest.console.dll, TcpClientExtensions.MessageLoopAsync: NotifyDataAvailable remoteEndPoint: 127.0.0.1:56117 localEndPoint: 127.0.0.1:56116
TpTrace Verbose: 0 : 29196, 14, 2022/04/10, 16:16:21.219, 11236966030304, vstest.console.dll, TestRequestSender.OnExecutionMessageReceived: Received message: {"Version":5,"MessageType":"TestExecution.StatsChange","Payload":{"NewTestResults":[],"TestRunStatistics":{"ExecutedTests":0,"Stats":{}},"ActiveTests":[{"Id":"76a121a0-b932-195b-1b79-0460370657cc","FullyQualifiedName":"AspNetCoreTemplate.Services.Data.Tests.AppointmentsServiceTests.DeleteAsyncShouldDeleteCorrectly","DisplayName":"AspNetCoreTemplate.Services.Data.Tests.AppointmentsServiceTests.DeleteAsyncShouldDeleteCorrectly","ExecutorUri":"executor://xunit/VsTestRunner2/netcoreapp","Source":"C:\\Miroslav Apps\\Programing\\ASP.NET-Core-Template-master\\src\\Tests\\AspNetCoreTemplate.Services.Data.Tests\\bin\\Debug\\net6.0\\fine-code-coverage\\build-output\\AspNetCoreTemplate.Services.Data.Tests.dll","CodeFilePath":null,"LineNumber":0,"Properties":[]}]}}
TpTrace Verbose: 0 : 29196, 14, 2022/04/10, 16:16:21.239, 11236966228513, vstest.console.dll, TestRunRequest:SendTestRunStatsChange: Starting.
TpTrace Verbose: 0 : 29196, 14, 2022/04/10, 16:16:21.239, 11236966230852, vstest.console.dll, InProgress is AspNetCoreTemplate.Services.Data.Tests.AppointmentsServiceTests.DeleteAsyncShouldDeleteCorrectly
TpTrace Information: 0 : 29196, 14, 2022/04/10, 16:16:21.240, 11236966232119, vstest.console.dll, TestRunRequest:SendTestRunStatsChange: Completed.
TpTrace Verbose: 0 : 29196, 14, 2022/04/10, 16:16:21.240, 11236966232750, vstest.console.dll, TcpClientExtensions.MessageLoopAsync: Polling on remoteEndPoint: 127.0.0.1:56117 localEndPoint: 127.0.0.1:56116
TpTrace Verbose: 0 : 29196, 14, 2022/04/10, 16:16:22.243, 11236976263287, vstest.console.dll, TcpClientExtensions.MessageLoopAsync: Polling on remoteEndPoint: 127.0.0.1:56117 localEndPoint: 127.0.0.1:56116
TpTrace Verbose: 0 : 29196, 14, 2022/04/10, 16:16:22.754, 11236981373429, vstest.console.dll, TcpClientExtensions.MessageLoopAsync: NotifyDataAvailable remoteEndPoint: 127.0.0.1:56117 localEndPoint: 127.0.0.1:56116
TpTrace Verbose: 0 : 29196, 14, 2022/04/10, 16:16:22.754, 11236981376292, vstest.console.dll, TestRequestSender.OnExecutionMessageReceived: Received message: {"Version":5,"MessageType":"TestExecution.StatsChange","Payload":{"NewTestResults":[{"TestCase":{"Id":"76a121a0-b932-195b-1b79-0460370657cc","FullyQualifiedName":"AspNetCoreTemplate.Services.Data.Tests.AppointmentsServiceTests.DeleteAsyncShouldDeleteCorrectly","DisplayName":"AspNetCoreTemplate.Services.Data.Tests.AppointmentsServiceTests.DeleteAsyncShouldDeleteCorrectly","ExecutorUri":"executor://xunit/VsTestRunner2/netcoreapp","Source":"C:\\Miroslav Apps\\Programing\\ASP.NET-Core-Template-master\\src\\Tests\\AspNetCoreTemplate.Services.Data.Tests\\bin\\Debug\\net6.0\\fine-code-coverage\\build-output\\AspNetCoreTemplate.Services.Data.Tests.dll","CodeFilePath":null,"LineNumber":0,"Properties":[]},"Attachments":[],"Outcome":1,"ErrorMessage":null,"ErrorStackTrace":null,"DisplayName":"AspNetCoreTemplate.Services.Data.Tests.AppointmentsServiceTests.DeleteAsyncShouldDeleteCorrectly","Messages":[],"ComputerName":"DESKTOP-008EKV5","Duration":"00:00:01.5372774","StartTime":"2022-04-10T13:16:22.6766676+00:00","EndTime":"2022-04-10T13:16:22.6767119+00:00","Properties":[]}],"TestRunStatistics":{"ExecutedTests":1,"Stats":{"Passed":1}},"ActiveTests":[{"Id":"af8aa8b1-1e7a-dfc4-3c41-806a088efb34","FullyQualifiedName":"AspNetCoreTemplate.Services.Data.Tests.AppointmentsServiceTests.ConfirmAsyncShouldWorkCorrectly","DisplayName":"AspNetCoreTemplate.Services.Data.Tests.AppointmentsServiceTests.ConfirmAsyncShouldWorkCorrectly","ExecutorUri":"executor://xunit/VsTestRunner2/netcoreapp","Source":"C:\\Miroslav Apps\\Programing\\ASP.NET-Core-Template-master\\src\\Tests\\AspNetCoreTemplate.Services.Data.Tests\\bin\\Debug\\net6.0\\fine-code-coverage\\build-output\\AspNetCoreTemplate.Services.Data.Tests.dll","CodeFilePath":null,"LineNumber":0,"Properties":[]}]}}
TpTrace Verbose: 0 : 29196, 14, 2022/04/10, 16:16:22.769, 11236981525745, vstest.console.dll, TestRunRequest:SendTestRunStatsChange: Starting.
TpTrace Verbose: 0 : 29196, 14, 2022/04/10, 16:16:22.769, 11236981527238, vstest.console.dll, InProgress is AspNetCoreTemplate.Services.Data.Tests.AppointmentsServiceTests.ConfirmAsyncShouldWorkCorrectly
TpTrace Information: 0 : 29196, 14, 2022/04/10, 16:16:22.769, 11236981529851, vstest.console.dll, TestRunRequest:SendTestRunStatsChange: Completed.
TpTrace Verbose: 0 : 29196, 14, 2022/04/10, 16:16:22.769, 11236981530573, vstest.console.dll, TcpClientExtensions.MessageLoopAsync: Polling on remoteEndPoint: 127.0.0.1:56117 localEndPoint: 127.0.0.1:56116
TpTrace Verbose: 0 : 29196, 14, 2022/04/10, 16:16:22.831, 11236982150345, vstest.console.dll, TcpClientExtensions.MessageLoopAsync: NotifyDataAvailable remoteEndPoint: 127.0.0.1:56117 localEndPoint: 127.0.0.1:56116
TpTrace Verbose: 0 : 29196, 14, 2022/04/10, 16:16:22.831, 11236982151863, vstest.console.dll, TestRequestSender.OnExecutionMessageReceived: Received message: {"Version":5,"MessageType":"TestSession.Message","Payload":{"MessageLevel":0,"Message":"[xUnit.net 00:00:03.03]   Finished:    AspNetCoreTemplate.Services.Data.Tests"}}
TpTrace Verbose: 0 : 29196, 14, 2022/04/10, 16:16:22.832, 11236982153650, vstest.console.dll, TestRunRequest:SendTestRunMessage: Starting.
TpTrace Information: 0 : 29196, 14, 2022/04/10, 16:16:22.832, 11236982154520, vstest.console.dll, TestRunRequest:SendTestRunMessage: Completed.
TpTrace Verbose: 0 : 29196, 14, 2022/04/10, 16:16:22.832, 11236982155029, vstest.console.dll, TcpClientExtensions.MessageLoopAsync: Polling on remoteEndPoint: 127.0.0.1:56117 localEndPoint: 127.0.0.1:56116
TpTrace Verbose: 0 : 29196, 14, 2022/04/10, 16:16:22.851, 11236982348955, vstest.console.dll, TcpClientExtensions.MessageLoopAsync: NotifyDataAvailable remoteEndPoint: 127.0.0.1:56117 localEndPoint: 127.0.0.1:56116
TpTrace Verbose: 0 : 29196, 14, 2022/04/10, 16:16:22.851, 11236982351578, vstest.console.dll, TestRequestSender.OnExecutionMessageReceived: Received message: {"Version":5,"MessageType":"TestExecution.Completed","Payload":{"TestRunCompleteArgs":{"TestRunStatistics":{"ExecutedTests":5,"Stats":{"Passed":5}},"IsCanceled":false,"IsAborted":false,"Error":null,"AttachmentSets":[],"ElapsedTimeInRunningTests":"00:00:03.0527193","Metrics":{}},"LastRunTests":{"NewTestResults":[{"TestCase":{"Id":"af8aa8b1-1e7a-dfc4-3c41-806a088efb34","FullyQualifiedName":"AspNetCoreTemplate.Services.Data.Tests.AppointmentsServiceTests.ConfirmAsyncShouldWorkCorrectly","DisplayName":"AspNetCoreTemplate.Services.Data.Tests.AppointmentsServiceTests.ConfirmAsyncShouldWorkCorrectly","ExecutorUri":"executor://xunit/VsTestRunner2/netcoreapp","Source":"C:\\Miroslav Apps\\Programing\\ASP.NET-Core-Template-master\\src\\Tests\\AspNetCoreTemplate.Services.Data.Tests\\bin\\Debug\\net6.0\\fine-code-coverage\\build-output\\AspNetCoreTemplate.Services.Data.Tests.dll","CodeFilePath":null,"LineNumber":0,"Properties":[]},"Attachments":[],"Outcome":1,"ErrorMessage":null,"ErrorStackTrace":null,"DisplayName":"AspNetCoreTemplate.Services.Data.Tests.AppointmentsServiceTests.ConfirmAsyncShouldWorkCorrectly","Messages":[],"ComputerName":"DESKTOP-008EKV5","Duration":"00:00:00.0955144","StartTime":"2022-04-10T13:16:22.7710191+00:00","EndTime":"2022-04-10T13:16:22.7710193+00:00","Properties":[]},{"TestCase":{"Id":"8503d3e0-0fa9-c19d-05e3-42974b6dde98","FullyQualifiedName":"AspNetCoreTemplate.Services.Data.Tests.AppointmentsServiceTests.DeclineAsyncShouldWorkCorrectly","DisplayName":"AspNetCoreTemplate.Services.Data.Tests.AppointmentsServiceTests.DeclineAsyncShouldWorkCorrectly","ExecutorUri":"executor://xunit/VsTestRunner2/netcoreapp","Source":"C:\\Miroslav Apps\\Programing\\ASP.NET-Core-Template-master\\src\\Tests\\AspNetCoreTemplate.Services.Data.Tests\\bin\\Debug\\net6.0\\fine-code-coverage\\build-output\\AspNetCoreTemplate.Services.Data.Tests.dll","CodeFilePath":null,"LineNumber":0,"Properties":[]},"Attachments":[],"Outcome":1,"ErrorMessage":null,"ErrorStackTrace":null,"DisplayName":"AspNetCoreTemplate.Services.Data.Tests.AppointmentsServiceTests.DeclineAsyncShouldWorkCorrectly","Messages":[],"ComputerName":"DESKTOP-008EKV5","Duration":"00:00:00.0315328","StartTime":"2022-04-10T13:16:22.8026762+00:00","EndTime":"2022-04-10T13:16:22.8026768+00:00","Properties":[]},{"TestCase":{"Id":"4e334385-069e-9e33-31d3-7fce06922d45","FullyQualifiedName":"AspNetCoreTemplate.Services.Data.Tests.AppointmentsServiceTests.RateAppointmentShouldWorkCorrectly","DisplayName":"AspNetCoreTemplate.Services.Data.Tests.AppointmentsServiceTests.RateAppointmentShouldWorkCorrectly","ExecutorUri":"executor://xunit/VsTestRunner2/netcoreapp","Source":"C:\\Miroslav Apps\\Programing\\ASP.NET-Core-Template-master\\src\\Tests\\AspNetCoreTemplate.Services.Data.Tests\\bin\\Debug\\net6.0\\fine-code-coverage\\build-output\\AspNetCoreTemplate.Services.Data.Tests.dll","CodeFilePath":null,"LineNumber":0,"Properties":[]},"Attachments":[],"Outcome":1,"ErrorMessage":null,"ErrorStackTrace":null,"DisplayName":"AspNetCoreTemplate.Services.Data.Tests.AppointmentsServiceTests.RateAppointmentShouldWorkCorrectly","Messages":[],"ComputerName":"DESKTOP-008EKV5","Duration":"00:00:00.0138834","StartTime":"2022-04-10T13:16:22.8166756+00:00","EndTime":"2022-04-10T13:16:22.8166758+00:00","Properties":[]},{"TestCase":{"Id":"74625bc6-92c6-fb75-4acb-2a9eb2342dc9","FullyQualifiedName":"AspNetCoreTemplate.Services.Data.Tests.AppointmentsServiceTests.AddAsyncShouldAddCorrectly","DisplayName":"AspNetCoreTemplate.Services.Data.Tests.AppointmentsServiceTests.AddAsyncShouldAddCorrectly","ExecutorUri":"executor://xunit/VsTestRunner2/netcoreapp","Source":"C:\\Miroslav Apps\\Programing\\ASP.NET-Core-Template-master\\src\\Tests\\AspNetCoreTemplate.Services.Data.Tests\\bin\\Debug\\net6.0\\fine-code-coverage\\build-output\\AspNetCoreTemplate.Services.Data.Tests.dll","CodeFilePath":null,"LineNumber":0,"Properties":[]},"Attachments":[],"Outcome":1,"ErrorMessage":null,"ErrorStackTrace":null,"DisplayName":"AspNetCoreTemplate.Services.Data.Tests.AppointmentsServiceTests.AddAsyncShouldAddCorrectly","Messages":[],"ComputerName":"DESKTOP-008EKV5","Duration":"00:00:00.0042065","StartTime":"2022-04-10T13:16:22.8210098+00:00","EndTime":"2022-04-10T13:16:22.82101+00:00","Properties":[]}],"TestRunStatistics":{"ExecutedTests":5,"Stats":{"Passed":5}},"ActiveTests":[]},"RunAttachments":[],"ExecutorUris":["executor://xunit/VsTestRunner2/netcoreapp"]}}
TpTrace Verbose: 0 : 29196, 14, 2022/04/10, 16:16:22.852, 11236982355984, vstest.console.dll, TestRequestSender.EndSession: Sending end session.
TpTrace Verbose: 0 : 29196, 14, 2022/04/10, 16:16:22.852, 11236982358548, vstest.console.dll, ProxyOperationManager.Close: waiting for test host to exit for 100 ms
TpTrace Warning: 0 : 29196, 13, 2022/04/10, 16:16:22.876, 11236982597366, vstest.console.dll, TestHostManagerCallbacks.ErrorReceivedCallback Test host standard error line: 
TpTrace Verbose: 0 : 29196, 8, 2022/04/10, 16:16:22.894, 11236982781298, vstest.console.dll, TestHostProvider.ExitCallBack: Host exited starting callback.
TpTrace Information: 0 : 29196, 8, 2022/04/10, 16:16:22.895, 11236982789055, vstest.console.dll, TestHostManagerCallbacks.ExitCallBack: Testhost processId: 6520 exited with exitcode: 0 error: ''
TpTrace Verbose: 0 : 29196, 8, 2022/04/10, 16:16:22.895, 11236982789825, vstest.console.dll, DotnetTestHostManager.OnHostExited: invoking OnHostExited callback
TpTrace Verbose: 0 : 29196, 8, 2022/04/10, 16:16:22.895, 11236982790486, vstest.console.dll, CrossPlatEngine.TestHostManagerHostExited: calling on client process exit callback.
TpTrace Information: 0 : 29196, 8, 2022/04/10, 16:16:22.895, 11236982791406, vstest.console.dll, TestRequestSender.OnClientProcessExit: Test host process exited. Standard error: 
TpTrace Information: 0 : 29196, 14, 2022/04/10, 16:16:22.895, 11236982791523, vstest.console.dll, SocketServer.Stop: Stop server endPoint: 127.0.0.1:56116
TpTrace Information: 0 : 29196, 8, 2022/04/10, 16:16:22.895, 11236982791955, vstest.console.dll, SocketServer.Stop: Stop server endPoint: 127.0.0.1:56116
TpTrace Information: 0 : 29196, 14, 2022/04/10, 16:16:22.896, 11236982792537, vstest.console.dll, SocketServer.Stop: Cancellation requested. Stopping message loop.
TpTrace Information: 0 : 29196, 8, 2022/04/10, 16:16:22.896, 11236982792918, vstest.console.dll, SocketServer.Stop: Cancellation requested. Stopping message loop.
TpTrace Information: 0 : 29196, 14, 2022/04/10, 16:16:22.896, 11236982794271, vstest.console.dll, Closing the connection
TpTrace Warning: 0 : 29196, 14, 2022/04/10, 16:16:22.896, 11236982794747, vstest.console.dll, ProxyOperationManager: Timed out waiting for test host to exit. Will terminate process.
TpTrace Verbose: 0 : 29196, 14, 2022/04/10, 16:16:22.896, 11236982799849, vstest.console.dll, ProxyDataCollectionManager.InvokeDataCollectionServiceAction: Starting.
TpTrace Information: 0 : 29196, 14, 2022/04/10, 16:16:22.896, 11236982800500, vstest.console.dll, ProxyDataCollectionManager.AfterTestRunEnd: Get attachment set for datacollector processId: 23160 port: 56113
TpTrace Verbose: 0 : 29196, 14, 2022/04/10, 16:16:22.896, 11236982801111, vstest.console.dll, DataCollectionRequestSender.SendAfterTestRunStartAndGetResult : Send AfterTestRunEnd message with isCancelled: False
TpTrace Verbose: 0 : 29196, 14, 2022/04/10, 16:16:22.901, 11236982851729, vstest.console.dll, DataCollectionRequestSender.SendAfterTestRunStartAndGetResult : Received message: (DataCollection.AfterTestRunEndResult) -> {
  "AttachmentSets": [],
  "Metrics": {}
}
TpTrace Information: 0 : 29196, 14, 2022/04/10, 16:16:22.905, 11236982883487, vstest.console.dll, ProxyDataCollectionManager.InvokeDataCollectionServiceAction: Completed.
TpTrace Warning: 0 : 29196, 10, 2022/04/10, 16:16:22.908, 11236982912392, vstest.console.dll, DataCollectionLauncher.ErrorReceivedCallback datacollector standard error line: 
TpTrace Information: 0 : 29196, 8, 2022/04/10, 16:16:22.915, 11236982987586, vstest.console.dll, DataCollectionLauncher.ExitCallBack: Data collector exited with exitcode: 0 error: ''
TpTrace Verbose: 0 : 29196, 14, 2022/04/10, 16:16:22.939, 11236983224314, vstest.console.dll, TestRunRequest:SendTestRunStatsChange: Starting.
TpTrace Information: 0 : 29196, 14, 2022/04/10, 16:16:22.939, 11236983226857, vstest.console.dll, TestRunRequest:SendTestRunStatsChange: Completed.
TpTrace Verbose: 0 : 29196, 14, 2022/04/10, 16:16:22.939, 11236983231343, vstest.console.dll, ParallelProxyExecutionManager: HandlePartialRunComplete: Total completed clients = 1, Run complete = True, Run canceled: False.
TpTrace Verbose: 0 : 29196, 14, 2022/04/10, 16:16:22.965, 11236983484966, vstest.console.dll, TestRunRequest:TestRunComplete: Starting. IsAborted:False IsCanceled:False.
TpTrace Verbose: 0 : 29196, 14, 2022/04/10, 16:16:22.965, 11236983487702, vstest.console.dll, TestLoggerManager.HandleTestRunComplete: Ignoring as the object is disposed.
TpTrace Information: 0 : 29196, 14, 2022/04/10, 16:16:22.965, 11236983491911, vstest.console.dll, TestRunRequest:TestRunComplete: Completed.
TpTrace Verbose: 0 : 29196, 1, 2022/04/10, 16:16:22.966, 11236983492133, vstest.console.dll, TestRunRequest.Dispose: Starting.
TpTrace Verbose: 0 : 29196, 14, 2022/04/10, 16:16:22.966, 11236983492762, vstest.console.dll, TestRequestSender.SetOperationComplete: Setting operation complete.
TpTrace Information: 0 : 29196, 1, 2022/04/10, 16:16:22.966, 11236983493460, vstest.console.dll, TestRunRequest.Dispose: Completed.
TpTrace Information: 0 : 29196, 14, 2022/04/10, 16:16:22.966, 11236983493999, vstest.console.dll, SocketServer.Stop: Stop server endPoint: 127.0.0.1:56116
TpTrace Information: 0 : 29196, 1, 2022/04/10, 16:16:22.966, 11236983494844, vstest.console.dll, TestRequestManager.RunTests: run tests completed.
TpTrace Information: 0 : 29196, 14, 2022/04/10, 16:16:22.966, 11236983495282, vstest.console.dll, SocketServer.Stop: Cancellation requested. Stopping message loop.
TpTrace Information: 0 : 29196, 1, 2022/04/10, 16:16:22.966, 11236983495920, vstest.console.dll, RunTestsArgumentProcessor:Execute: Test run is completed.
TpTrace Information: 0 : 29196, 14, 2022/04/10, 16:16:22.966, 11236983496138, vstest.console.dll, SocketServer.PrivateStop: Stopping server endPoint: 127.0.0.1:56116 error: 
TpTrace Verbose: 0 : 29196, 1, 2022/04/10, 16:16:22.966, 11236983498728, vstest.console.dll, Executor.Execute: Exiting with exit code of 0
TpTrace Verbose: 0 : 29196, 14, 2022/04/10, 16:16:22.967, 11236983502961, vstest.console.dll, LengthPrefixCommunicationChannel.Dispose: Dispose reader and writer.
